Ex1 (OOP) Simulator log: stage Ex1_input/Ex1_Buildings/B2.json,  output/csv/Result_B2_a.csv
0.0,OOP_Ex1_Elevator_Simulator
0.0,Simulated Building, Building [-2,10]
0) ex1.Elevator_A, Elev_, id,0,  speed, 1.0, open: 2.0,  start: 3.0, close: 2.0,  stop: 3.0
1) ex1.Elevator_A, Elev_, id,1,  speed, 2.0, open: 2.0,  start: 3.0, close: 2.0,  stop: 3.0

0.0,Simulated Period starTime,0.0,  endTime,1104.1840186,  dt,1.0
0.0,Simulated  calls,Elevator log, size: 100
0.0,**** Simulation starts!! ****
5.0,Elevator call,4.37472729,0,-1,1,1, got allocated to elevator, 1
5.0,Elev,1,  arrived at src, 0, Elevator call,4.37472729,0,-1,2,1
5.0, elevID,1,  pos,0,  cmd, goto,-1
16.0,Elev,1,  arrived at dest, -1, this call is done!, Elevator call,4.37472729,0,-1,3,1, Done, dt, 11.62527271
17.0,Elevator call,16.95788289,-1,0,1,1, got allocated to elevator, 1
17.0,Elev,1,  arrived at src, -1, Elevator call,16.95788289,-1,0,2,1
17.0, elevID,1,  pos,-1,  cmd, goto,0
23.0,Elevator call,22.0940563,0,-1,1,0, got allocated to elevator, 0
23.0,Elev,0,  arrived at src, 0, Elevator call,22.0940563,0,-1,2,0
23.0, elevID,0,  pos,0,  cmd, goto,-1
28.0,Elev,1,  arrived at dest, 0, this call is done!, Elevator call,16.95788289,-1,0,3,1, Done, dt, 11.04211711
34.0,Elev,0,  arrived at dest, -1, this call is done!, Elevator call,22.0940563,0,-1,3,0, Done, dt, 11.905943700000002
86.0,Elevator call,85.52096662,3,2,1,1, got allocated to elevator, 1
86.0, elevID,1,  pos,0,  cmd, goto,3
92.0,Elevator call,91.21019413,-1,-2,1,1, got allocated to elevator, 1
98.0,Elev,1,  arrived at src, 3, Elevator call,85.52096662,3,2,2,1
98.0, elevID,1,  pos,3,  cmd, goto,2
105.0,Elevator call,104.1370124,0,4,1,1, got allocated to elevator, 1
109.0,Elev,1,  arrived at dest, 2, this call is done!, Elevator call,85.52096662,3,2,3,1, Done, dt, 23.479033380000004
109.0, elevID,1,  pos,2,  cmd, goto,0
110.0,Elevator call,109.2135291,-1,0,1,0, got allocated to elevator, 0
110.0,Elev,0,  arrived at src, -1, Elevator call,109.2135291,-1,0,2,0
110.0, elevID,0,  pos,-1,  cmd, goto,0
115.0,Elevator call,114.392351,3,0,1,0, got allocated to elevator, 0
120.0,Elev,1,  arrived at src, 0, Elevator call,104.1370124,0,4,2,1
120.0, elevID,1,  pos,0,  cmd, goto,-1
121.0,Elev,0,  arrived at dest, 0, this call is done!, Elevator call,109.2135291,-1,0,3,0, Done, dt, 11.786470899999998
121.0, elevID,0,  pos,0,  cmd, goto,3
125.0,Elevator call,124.425571,0,9,1,0, got allocated to elevator, 0
125.0, elevID,0,  pos,0,  cmd, stop,0
131.0,Elevator call,130.0249568,8,10,1,0, got allocated to elevator, 0
131.0,Elevator call,130.2249113,-1,1,1,0, got allocated to elevator, 0
131.0,Elev,0,  arrived at src, 0, Elevator call,124.425571,0,9,2,0
131.0, elevID,0,  pos,0,  cmd, goto,3
131.0,Elev,1,  arrived at src, -1, Elevator call,91.21019413,-1,-2,2,1
131.0, elevID,1,  pos,-1,  cmd, goto,-2
138.0,Elevator call,137.9515274,0,4,1,0, got allocated to elevator, 0
142.0,Elev,1,  arrived at dest, -2, this call is done!, Elevator call,91.21019413,-1,-2,3,1, Done, dt, 50.789805869999995
142.0, elevID,1,  pos,-2,  cmd, goto,4
144.0,Elevator call,143.9133584,0,6,1,0, got allocated to elevator, 0
144.0,Elev,0,  arrived at src, 3, Elevator call,114.392351,3,0,2,0
144.0, elevID,0,  pos,3,  cmd, goto,8
155.0,Elev,1,  arrived at dest, 4, this call is done!, Elevator call,104.1370124,0,4,3,1, Done, dt, 50.8629876
159.0,Elev,0,  arrived at src, 8, Elevator call,130.0249568,8,10,2,0
159.0, elevID,0,  pos,8,  cmd, goto,9
170.0,Elevator call,169.7845834,-1,0,1,0, got allocated to elevator, 0
170.0,Elev,0,  arrived at dest, 9, this call is done!, Elevator call,124.425571,0,9,3,0, Done, dt, 45.574428999999995
170.0, elevID,0,  pos,9,  cmd, goto,10
171.0,Elevator call,170.0099621,0,6,1,0, got allocated to elevator, 0
172.0,Elevator call,171.2117332,-1,8,1,0, got allocated to elevator, 0
175.0,Elevator call,174.8438515,0,-1,1,0, got allocated to elevator, 0
181.0,Elev,0,  arrived at dest, 10, this call is done!, Elevator call,130.0249568,8,10,3,0, Done, dt, 50.97504319999999
181.0, elevID,0,  pos,10,  cmd, goto,0
188.0,Elevator call,187.1167862,-1,-2,1,0, got allocated to elevator, 0
188.0,Elevator call,187.7299318,-1,-2,1,0, got allocated to elevator, 0
196.0,Elevator call,195.9086965,0,7,1,0, got allocated to elevator, 0
198.0,Elevator call,197.5359191,-1,1,1,0, got allocated to elevator, 0
201.0,Elev,0,  arrived at dest, 0, this call is done!, Elevator call,114.392351,3,0,3,0, Done, dt, 86.607649
201.0,Elev,0,  arrived at src, 0, Elevator call,137.9515274,0,4,2,0
201.0,Elev,0,  arrived at src, 0, Elevator call,143.9133584,0,6,2,0
201.0,Elev,0,  arrived at src, 0, Elevator call,170.0099621,0,6,2,0
201.0,Elev,0,  arrived at src, 0, Elevator call,174.8438515,0,-1,2,0
201.0,Elev,0,  arrived at src, 0, Elevator call,195.9086965,0,7,2,0
201.0, elevID,0,  pos,0,  cmd, goto,-1
206.0,Elevator call,205.9895199,-1,0,1,1, got allocated to elevator, 1
206.0, elevID,1,  pos,4,  cmd, goto,-1
212.0,Elev,0,  arrived at src, -1, Elevator call,130.2249113,-1,1,2,0
212.0,Elev,0,  arrived at src, -1, Elevator call,169.7845834,-1,0,2,0
212.0,Elev,0,  arrived at src, -1, Elevator call,171.2117332,-1,8,2,0
212.0,Elev,0,  arrived at dest, -1, this call is done!, Elevator call,174.8438515,0,-1,3,0, Done, dt, 37.1561485
212.0,Elev,0,  arrived at src, -1, Elevator call,187.1167862,-1,-2,2,0
212.0,Elev,0,  arrived at src, -1, Elevator call,187.7299318,-1,-2,2,0
212.0,Elev,0,  arrived at src, -1, Elevator call,197.5359191,-1,1,2,0
212.0, elevID,0,  pos,-1,  cmd, goto,-2
219.0,Elev,1,  arrived at src, -1, Elevator call,205.9895199,-1,0,2,1
219.0, elevID,1,  pos,-1,  cmd, goto,0
223.0,Elev,0,  arrived at dest, -2, this call is done!, Elevator call,187.1167862,-1,-2,3,0, Done, dt, 35.88321379999999
223.0,Elev,0,  arrived at dest, -2, this call is done!, Elevator call,187.7299318,-1,-2,3,0, Done, dt, 35.2700682
223.0, elevID,0,  pos,-2,  cmd, goto,0
228.0,Elevator call,227.0798305,-1,5,1,1, got allocated to elevator, 1
230.0,Elev,1,  arrived at dest, 0, this call is done!, Elevator call,205.9895199,-1,0,3,1, Done, dt, 24.010480099999995
230.0, elevID,1,  pos,0,  cmd, goto,-1
232.0,Elevator call,231.5157882,-1,0,1,1, got allocated to elevator, 1
233.0,Elevator call,232.9504362,0,-1,1,1, got allocated to elevator, 1
, elevID,1,  pos,0,  cmd, stop,0
235.0,Elev,0,  arrived at dest, 0, this call is done!, Elevator call,169.7845834,-1,0,3,0, Done, dt, 65.2154166
235.0, elevID,0,  pos,0,  cmd, goto,1
240.0,Elev,1,  arrived at src, 0, Elevator call,232.9504362,0,-1,2,1
240.0, elevID,1,  pos,0,  cmd, goto,-1
246.0,Elev,0,  arrived at dest, 1, this call is done!, Elevator call,130.2249113,-1,1,3,0, Done, dt, 115.7750887
246.0,Elev,0,  arrived at dest, 1, this call is done!, Elevator call,197.5359191,-1,1,3,0, Done, dt, 48.4640809
246.0, elevID,0,  pos,1,  cmd, goto,4
251.0,Elev,1,  arrived at src, -1, Elevator call,227.0798305,-1,5,2,1
251.0,Elev,1,  arrived at src, -1, Elevator call,231.5157882,-1,0,2,1
251.0,Elev,1,  arrived at dest, -1, this call is done!, Elevator call,232.9504362,0,-1,3,1, Done, dt, 18.049563799999987
251.0, elevID,1,  pos,-1,  cmd, goto,0
252.0,Elevator call,251.1044469,-1,-2,1,1, got allocated to elevator, 1
252.0,Elevator call,251.2359335,0,9,1,1, got allocated to elevator, 1
252.0, elevID,1,  pos,-1,  cmd, stop,-1
255.0,Elevator call,254.6977153,3,4,1,0, got allocated to elevator, 0
258.0,Elevator call,257.7974435,-1,0,1,1, got allocated to elevator, 1
259.0,Elev,0,  arrived at dest, 4, this call is done!, Elevator call,137.9515274,0,4,3,0, Done, dt, 121.0484726
259.0, elevID,0,  pos,4,  cmd, goto,6
261.0,Elev,1,  arrived at src, -1, Elevator call,251.1044469,-1,-2,2,1
261.0,Elev,1,  arrived at src, -1, Elevator call,257.7974435,-1,0,2,1
261.0, elevID,1,  pos,-1,  cmd, goto,0
271.0,Elev,0,  arrived at dest, 6, this call is done!, Elevator call,143.9133584,0,6,3,0, Done, dt, 127.08664160000001
271.0,Elev,0,  arrived at dest, 6, this call is done!, Elevator call,170.0099621,0,6,3,0, Done, dt, 100.9900379
271.0, elevID,0,  pos,6,  cmd, goto,7
272.0,Elev,1,  arrived at dest, 0, this call is done!, Elevator call,231.5157882,-1,0,3,1, Done, dt, 40.4842118
272.0,Elev,1,  arrived at src, 0, Elevator call,251.2359335,0,9,2,1
272.0,Elev,1,  arrived at dest, 0, this call is done!, Elevator call,257.7974435,-1,0,3,1, Done, dt, 14.202556500000014
272.0, elevID,1,  pos,0,  cmd, goto,5
282.0,Elev,0,  arrived at dest, 7, this call is done!, Elevator call,195.9086965,0,7,3,0, Done, dt, 86.09130350000001
282.0, elevID,0,  pos,7,  cmd, goto,8
285.0,Elev,1,  arrived at dest, 5, this call is done!, Elevator call,227.0798305,-1,5,3,1, Done, dt, 57.920169499999986
285.0, elevID,1,  pos,5,  cmd, goto,9
293.0,Elev,0,  arrived at dest, 8, this call is done!, Elevator call,171.2117332,-1,8,3,0, Done, dt, 121.7882668
293.0, elevID,0,  pos,8,  cmd, goto,3
296.0,Elevator call,295.7943357,0,1,1,1, got allocated to elevator, 1
297.0,Elev,1,  arrived at dest, 9, this call is done!, Elevator call,251.2359335,0,9,3,1, Done, dt, 45.76406650000001
297.0, elevID,1,  pos,9,  cmd, goto,0
305.0,Elevator call,304.9984388,6,0,1,1, got allocated to elevator, 1
308.0,Elev,0,  arrived at src, 3, Elevator call,254.6977153,3,4,2,0
308.0, elevID,0,  pos,3,  cmd, goto,4
310.0,Elevator call,309.3005383,0,-1,1,1, got allocated to elevator, 1
312.0,Elev,1,  arrived at src, 0, Elevator call,295.7943357,0,1,2,1
312.0,Elev,1,  arrived at src, 0, Elevator call,309.3005383,0,-1,2,1
312.0, elevID,1,  pos,0,  cmd, goto,-1
313.0,Elevator call,312.3018556,0,-1,1,1, got allocated to elevator, 1
, elevID,1,  pos,0,  cmd, stop,0
317.0,Elevator call,316.0323783,0,-1,1,1, got allocated to elevator, 1
319.0,Elev,0,  arrived at dest, 4, this call is done!, Elevator call,254.6977153,3,4,3,0, Done, dt, 64.3022847
320.0,Elevator call,319.905202,6,5,1,1, got allocated to elevator, 1
321.0,Elevator call,320.9760749,-1,0,1,0, got allocated to elevator, 0
321.0, elevID,0,  pos,4,  cmd, goto,-1
322.0,Elevator call,321.370409,7,-1,1,0, got allocated to elevator, 0
322.0,Elev,1,  arrived at src, 0, Elevator call,312.3018556,0,-1,2,1
322.0,Elev,1,  arrived at src, 0, Elevator call,316.0323783,0,-1,2,1
322.0, elevID,1,  pos,0,  cmd, goto,-1
333.0,Elevator call,332.4267319,0,10,1,0, got allocated to elevator, 0
333.0,Elev,1,  arrived at dest, -1, this call is done!, Elevator call,309.3005383,0,-1,3,1, Done, dt, 23.699461699999972
333.0,Elev,1,  arrived at dest, -1, this call is done!, Elevator call,312.3018556,0,-1,3,1, Done, dt, 20.69814439999999
333.0,Elev,1,  arrived at dest, -1, this call is done!, Elevator call,316.0323783,0,-1,3,1, Done, dt, 16.967621699999995
333.0, elevID,1,  pos,-1,  cmd, goto,-2
336.0,Elev,0,  arrived at src, -1, Elevator call,320.9760749,-1,0,2,0
336.0, elevID,0,  pos,-1,  cmd, goto,0
337.0,Elevator call,336.9304305,-1,0,1,1, got allocated to elevator, 1
, elevID,1,  pos,-1,  cmd, stop,-1
343.0,Elev,1,  arrived at src, -1, Elevator call,336.9304305,-1,0,2,1
343.0, elevID,1,  pos,-1,  cmd, goto,-2
347.0,Elev,0,  arrived at dest, 0, this call is done!, Elevator call,320.9760749,-1,0,3,0, Done, dt, 26.023925099999985
347.0,Elev,0,  arrived at src, 0, Elevator call,332.4267319,0,10,2,0
347.0, elevID,0,  pos,0,  cmd, goto,7
354.0,Elev,1,  arrived at dest, -2, this call is done!, Elevator call,251.1044469,-1,-2,3,1, Done, dt, 102.8955531
354.0, elevID,1,  pos,-2,  cmd, goto,0
364.0,Elev,0,  arrived at src, 7, Elevator call,321.370409,7,-1,2,0
364.0, elevID,0,  pos,7,  cmd, goto,10
365.0,Elev,1,  arrived at dest, 0, this call is done!, Elevator call,336.9304305,-1,0,3,1, Done, dt, 28.0695695
365.0, elevID,1,  pos,0,  cmd, goto,1
376.0,Elevator call,375.490481,1,0,1,1, got allocated to elevator, 1
376.0,Elev,1,  arrived at dest, 1, this call is done!, Elevator call,295.7943357,0,1,3,1, Done, dt, 80.20566430000002
376.0,Elev,1,  arrived at src, 1, Elevator call,375.490481,1,0,2,1
376.0, elevID,1,  pos,1,  cmd, goto,6
377.0,Elev,0,  arrived at dest, 10, this call is done!, Elevator call,332.4267319,0,10,3,0, Done, dt, 44.57326810000001
377.0, elevID,0,  pos,10,  cmd, goto,-1
389.0,Elev,1,  arrived at src, 6, Elevator call,304.9984388,6,0,2,1
389.0,Elev,1,  arrived at src, 6, Elevator call,319.905202,6,5,2,1
389.0, elevID,1,  pos,6,  cmd, goto,5
393.0,Elevator call,392.5160765,0,5,1,0, got allocated to elevator, 0
398.0,Elev,0,  arrived at dest, -1, this call is done!, Elevator call,321.370409,7,-1,3,0, Done, dt, 76.629591
398.0, elevID,0,  pos,-1,  cmd, goto,0
400.0,Elev,1,  arrived at dest, 5, this call is done!, Elevator call,319.905202,6,5,3,1, Done, dt, 80.09479800000003
400.0, elevID,1,  pos,5,  cmd, goto,0
406.0,Elevator call,405.1821141,-1,10,1,0, got allocated to elevator, 0
409.0,Elev,0,  arrived at src, 0, Elevator call,392.5160765,0,5,2,0
409.0, elevID,0,  pos,0,  cmd, goto,5
413.0,Elev,1,  arrived at dest, 0, this call is done!, Elevator call,304.9984388,6,0,3,1, Done, dt, 108.00156120000003
413.0,Elev,1,  arrived at dest, 0, this call is done!, Elevator call,375.490481,1,0,3,1, Done, dt, 37.50951900000001
424.0,Elev,0,  arrived at dest, 5, this call is done!, Elevator call,392.5160765,0,5,3,0, Done, dt, 31.483923500000003
424.0, elevID,0,  pos,5,  cmd, goto,-1
427.0,Elevator call,426.8615805,2,0,1,0, got allocated to elevator, 0
, elevID,0,  pos,5,  cmd, stop,2
437.0,Elev,0,  arrived at src, 2, Elevator call,426.8615805,2,0,2,0
437.0, elevID,0,  pos,2,  cmd, goto,0
438.0,Elevator call,437.1711158,1,0,1,0, got allocated to elevator, 0
, elevID,0,  pos,2,  cmd, stop,1
448.0,Elev,0,  arrived at src, 1, Elevator call,437.1711158,1,0,2,0
448.0, elevID,0,  pos,1,  cmd, goto,0
459.0,Elev,0,  arrived at dest, 0, this call is done!, Elevator call,426.8615805,2,0,3,0, Done, dt, 32.1384195
459.0,Elev,0,  arrived at dest, 0, this call is done!, Elevator call,437.1711158,1,0,3,0, Done, dt, 21.828884200000005
459.0, elevID,0,  pos,0,  cmd, goto,-1
470.0,Elev,0,  arrived at src, -1, Elevator call,405.1821141,-1,10,2,0
470.0, elevID,0,  pos,-1,  cmd, goto,10
473.0,Elevator call,472.7445474,10,-1,1,0, got allocated to elevator, 0
491.0,Elev,0,  arrived at dest, 10, this call is done!, Elevator call,405.1821141,-1,10,3,0, Done, dt, 85.81788590000002
491.0,Elev,0,  arrived at src, 10, Elevator call,472.7445474,10,-1,2,0
491.0, elevID,0,  pos,10,  cmd, goto,-1
501.0,Elevator call,500.3712045,8,-1,1,0, got allocated to elevator, 0
504.0,Elevator call,503.1384784,1,-1,1,0, got allocated to elevator, 0
, elevID,0,  pos,2,  cmd, stop,1
505.0,Elevator call,504.4317942,0,-1,1,0, got allocated to elevator, 0
510.0,Elev,0,  arrived at src, 1, Elevator call,503.1384784,1,-1,2,0
510.0, elevID,0,  pos,1,  cmd, goto,0
521.0,Elev,0,  arrived at src, 0, Elevator call,504.4317942,0,-1,2,0
521.0, elevID,0,  pos,0,  cmd, goto,-1
530.0,Elevator call,529.6277472,3,-1,1,1, got allocated to elevator, 1
530.0, elevID,1,  pos,0,  cmd, goto,3
532.0,Elev,0,  arrived at dest, -1, this call is done!, Elevator call,472.7445474,10,-1,3,0, Done, dt, 59.25545260000001
532.0,Elev,0,  arrived at dest, -1, this call is done!, Elevator call,503.1384784,1,-1,3,0, Done, dt, 28.861521600000003
532.0,Elev,0,  arrived at dest, -1, this call is done!, Elevator call,504.4317942,0,-1,3,0, Done, dt, 27.568205799999987
532.0, elevID,0,  pos,-1,  cmd, goto,8
538.0,Elevator call,537.7866884,-1,6,1,1, got allocated to elevator, 1
542.0,Elev,1,  arrived at src, 3, Elevator call,529.6277472,3,-1,2,1
542.0, elevID,1,  pos,3,  cmd, goto,-1
545.0,Elevator call,544.7880392,6,-1,1,0, got allocated to elevator, 0
551.0,Elev,0,  arrived at src, 8, Elevator call,500.3712045,8,-1,2,0
551.0, elevID,0,  pos,8,  cmd, goto,6
554.0,Elev,1,  arrived at dest, -1, this call is done!, Elevator call,529.6277472,3,-1,3,1, Done, dt, 24.372252799999956
554.0,Elev,1,  arrived at src, -1, Elevator call,537.7866884,-1,6,2,1
554.0, elevID,1,  pos,-1,  cmd, goto,6
555.0,Elevator call,554.0892923,4,0,1,0, got allocated to elevator, 0
558.0,Elevator call,557.244139,10,0,1,0, got allocated to elevator, 0
563.0,Elev,0,  arrived at src, 6, Elevator call,544.7880392,6,-1,2,0
563.0, elevID,0,  pos,6,  cmd, goto,4
566.0,Elevator call,565.0195522,0,-1,1,1, got allocated to elevator, 1
568.0,Elev,1,  arrived at dest, 6, this call is done!, Elevator call,537.7866884,-1,6,3,1, Done, dt, 30.213311599999997
568.0, elevID,1,  pos,6,  cmd, goto,0
575.0,Elev,0,  arrived at src, 4, Elevator call,554.0892923,4,0,2,0
575.0, elevID,0,  pos,4,  cmd, goto,0
581.0,Elev,1,  arrived at src, 0, Elevator call,565.0195522,0,-1,2,1
581.0, elevID,1,  pos,0,  cmd, goto,-1
582.0,Elevator call,581.870309,0,3,1,0, got allocated to elevator, 0
589.0,Elev,0,  arrived at dest, 0, this call is done!, Elevator call,554.0892923,4,0,3,0, Done, dt, 34.91070769999999
589.0,Elev,0,  arrived at src, 0, Elevator call,581.870309,0,3,2,0
589.0, elevID,0,  pos,0,  cmd, goto,-1
592.0,Elev,1,  arrived at dest, -1, this call is done!, Elevator call,565.0195522,0,-1,3,1, Done, dt, 26.98044779999998
597.0,Elevator call,596.1232023,8,0,1,1, got allocated to elevator, 1
597.0, elevID,1,  pos,-1,  cmd, goto,8
600.0,Elev,0,  arrived at dest, -1, this call is done!, Elevator call,500.3712045,8,-1,3,0, Done, dt, 99.62879550000002
600.0,Elev,0,  arrived at dest, -1, this call is done!, Elevator call,544.7880392,6,-1,3,0, Done, dt, 55.21196080000004
600.0, elevID,0,  pos,-1,  cmd, goto,3
601.0,Elevator call,600.931288,1,0,1,1, got allocated to elevator, 1
601.0, elevID,1,  pos,-1,  cmd, stop,1
604.0,Elevator call,603.9342327,7,0,1,1, got allocated to elevator, 1
608.0,Elev,1,  arrived at src, 1, Elevator call,600.931288,1,0,2,1
608.0, elevID,1,  pos,1,  cmd, goto,7
614.0,Elev,0,  arrived at dest, 3, this call is done!, Elevator call,581.870309,0,3,3,0, Done, dt, 32.12969099999998
614.0, elevID,0,  pos,3,  cmd, goto,10
618.0,Elevator call,617.9628339,0,3,1,1, got allocated to elevator, 1
620.0,Elevator call,619.6454197,9,0,1,0, got allocated to elevator, 0
620.0, elevID,0,  pos,4,  cmd, stop,9
621.0,Elev,1,  arrived at src, 7, Elevator call,603.9342327,7,0,2,1
621.0, elevID,1,  pos,7,  cmd, goto,8
627.0,Elevator call,626.2116172,0,1,1,0, got allocated to elevator, 0
630.0,Elev,0,  arrived at src, 9, Elevator call,619.6454197,9,0,2,0
630.0, elevID,0,  pos,9,  cmd, goto,10
632.0,Elev,1,  arrived at src, 8, Elevator call,596.1232023,8,0,2,1
632.0, elevID,1,  pos,8,  cmd, goto,0
641.0,Elev,0,  arrived at src, 10, Elevator call,557.244139,10,0,2,0
641.0, elevID,0,  pos,10,  cmd, goto,0
644.0,Elevator call,643.8547515,-1,2,1,0, got allocated to elevator, 0
646.0,Elev,1,  arrived at dest, 0, this call is done!, Elevator call,596.1232023,8,0,3,1, Done, dt, 49.8767977
646.0,Elev,1,  arrived at dest, 0, this call is done!, Elevator call,600.931288,1,0,3,1, Done, dt, 45.068712000000005
646.0,Elev,1,  arrived at dest, 0, this call is done!, Elevator call,603.9342327,7,0,3,1, Done, dt, 42.06576729999995
646.0,Elev,1,  arrived at src, 0, Elevator call,617.9628339,0,3,2,1
646.0, elevID,1,  pos,0,  cmd, goto,3
658.0,Elev,1,  arrived at dest, 3, this call is done!, Elevator call,617.9628339,0,3,3,1, Done, dt, 40.037166100000036
661.0,Elevator call,660.0732908,6,10,1,0, got allocated to elevator, 0
661.0,Elev,0,  arrived at dest, 0, this call is done!, Elevator call,557.244139,10,0,3,0, Done, dt, 103.75586099999998
661.0,Elev,0,  arrived at dest, 0, this call is done!, Elevator call,619.6454197,9,0,3,0, Done, dt, 41.35458029999995
661.0,Elev,0,  arrived at src, 0, Elevator call,626.2116172,0,1,2,0
661.0, elevID,0,  pos,0,  cmd, goto,-1
662.0,Elevator call,661.042082,-1,3,1,1, got allocated to elevator, 1
662.0, elevID,1,  pos,3,  cmd, goto,-1
663.0,Elevator call,662.1730528,-1,5,1,0, got allocated to elevator, 0
666.0,Elevator call,665.1155549,-1,8,1,0, got allocated to elevator, 0
667.0,Elevator call,666.0340295,4,0,1,0, got allocated to elevator, 0
667.0,Elevator call,666.2411587,5,-1,1,0, got allocated to elevator, 0
672.0,Elev,0,  arrived at src, -1, Elevator call,643.8547515,-1,2,2,0
672.0,Elev,0,  arrived at src, -1, Elevator call,662.1730528,-1,5,2,0
672.0,Elev,0,  arrived at src, -1, Elevator call,665.1155549,-1,8,2,0
672.0, elevID,0,  pos,-1,  cmd, goto,1
673.0,Elevator call,672.6773142,0,-1,1,0, got allocated to elevator, 0
673.0, elevID,0,  pos,-1,  cmd, stop,0
674.0,Elev,1,  arrived at src, -1, Elevator call,661.042082,-1,3,2,1
674.0, elevID,1,  pos,-1,  cmd, goto,3
678.0,Elevator call,677.7341948,0,-1,1,1, got allocated to elevator, 1
678.0, elevID,1,  pos,-1,  cmd, stop,0
679.0,Elevator call,678.9953585,-1,-2,1,0, got allocated to elevator, 0
683.0,Elev,0,  arrived at src, 0, Elevator call,672.6773142,0,-1,2,0
683.0, elevID,0,  pos,0,  cmd, goto,1
685.0,Elev,1,  arrived at src, 0, Elevator call,677.7341948,0,-1,2,1
685.0, elevID,1,  pos,0,  cmd, goto,3
694.0,Elev,0,  arrived at dest, 1, this call is done!, Elevator call,626.2116172,0,1,3,0, Done, dt, 67.78838280000002
694.0, elevID,0,  pos,1,  cmd, goto,2
696.0,Elevator call,695.2239882,0,10,1,0, got allocated to elevator, 0
697.0,Elev,1,  arrived at dest, 3, this call is done!, Elevator call,661.042082,-1,3,3,1, Done, dt, 35.95791799999995
697.0, elevID,1,  pos,3,  cmd, goto,-1
705.0,Elev,0,  arrived at dest, 2, this call is done!, Elevator call,643.8547515,-1,2,3,0, Done, dt, 61.14524849999998
705.0, elevID,0,  pos,2,  cmd, goto,4
707.0,Elevator call,706.1583475,-1,-2,1,1, got allocated to elevator, 1
709.0,Elev,1,  arrived at dest, -1, this call is done!, Elevator call,677.7341948,0,-1,3,1, Done, dt, 31.265805200000045
709.0,Elev,1,  arrived at src, -1, Elevator call,706.1583475,-1,-2,2,1
709.0, elevID,1,  pos,-1,  cmd, goto,-2
711.0,Elevator call,710.324977,0,1,1,0, got allocated to elevator, 0
714.0,Elevator call,713.0191971,1,0,1,0, got allocated to elevator, 0
714.0,Elevator call,713.2499766,10,-1,1,0, got allocated to elevator, 0
717.0,Elev,0,  arrived at src, 4, Elevator call,666.0340295,4,0,2,0
717.0, elevID,0,  pos,4,  cmd, goto,5
720.0,Elev,1,  arrived at dest, -2, this call is done!, Elevator call,706.1583475,-1,-2,3,1, Done, dt, 13.84165250000001
723.0,Elevator call,722.6161213,10,0,1,0, got allocated to elevator, 0
728.0,Elevator call,727.5146029,-1,0,1,1, got allocated to elevator, 1
728.0,Elev,0,  arrived at dest, 5, this call is done!, Elevator call,662.1730528,-1,5,3,0, Done, dt, 65.82694719999995
728.0,Elev,0,  arrived at src, 5, Elevator call,666.2411587,5,-1,2,0
728.0, elevID,0,  pos,5,  cmd, goto,6
728.0, elevID,1,  pos,-2,  cmd, goto,-1
733.0,Elevator call,732.9746341,6,-1,1,0, got allocated to elevator, 0
738.0,Elevator call,737.3147202,1,0,1,0, got allocated to elevator, 0
739.0,Elev,0,  arrived at src, 6, Elevator call,660.0732908,6,10,2,0
739.0,Elev,0,  arrived at src, 6, Elevator call,732.9746341,6,-1,2,0
739.0, elevID,0,  pos,6,  cmd, goto,8
739.0,Elev,1,  arrived at src, -1, Elevator call,727.5146029,-1,0,2,1
739.0, elevID,1,  pos,-1,  cmd, goto,0
750.0,Elev,1,  arrived at dest, 0, this call is done!, Elevator call,727.5146029,-1,0,3,1, Done, dt, 22.4853971
751.0,Elev,0,  arrived at dest, 8, this call is done!, Elevator call,665.1155549,-1,8,3,0, Done, dt, 85.8844451
751.0, elevID,0,  pos,8,  cmd, goto,10
763.0,Elev,0,  arrived at dest, 10, this call is done!, Elevator call,660.0732908,6,10,3,0, Done, dt, 102.9267092
763.0,Elev,0,  arrived at src, 10, Elevator call,713.2499766,10,-1,2,0
763.0,Elev,0,  arrived at src, 10, Elevator call,722.6161213,10,0,2,0
763.0, elevID,0,  pos,10,  cmd, goto,1
780.0,Elevator call,779.3996914,-1,5,1,1, got allocated to elevator, 1
780.0, elevID,1,  pos,0,  cmd, goto,-1
782.0,Elev,0,  arrived at src, 1, Elevator call,713.0191971,1,0,2,0
782.0,Elev,0,  arrived at src, 1, Elevator call,737.3147202,1,0,2,0
782.0, elevID,0,  pos,1,  cmd, goto,0
791.0,Elev,1,  arrived at src, -1, Elevator call,779.3996914,-1,5,2,1
791.0, elevID,1,  pos,-1,  cmd, goto,5
793.0,Elev,0,  arrived at dest, 0, this call is done!, Elevator call,666.0340295,4,0,3,0, Done, dt, 126.96597050000003
793.0,Elev,0,  arrived at src, 0, Elevator call,695.2239882,0,10,2,0
793.0,Elev,0,  arrived at src, 0, Elevator call,710.324977,0,1,2,0
793.0,Elev,0,  arrived at dest, 0, this call is done!, Elevator call,713.0191971,1,0,3,0, Done, dt, 79.98080289999996
793.0,Elev,0,  arrived at dest, 0, this call is done!, Elevator call,722.6161213,10,0,3,0, Done, dt, 70.38387869999997
793.0,Elev,0,  arrived at dest, 0, this call is done!, Elevator call,737.3147202,1,0,3,0, Done, dt, 55.68527979999999
793.0, elevID,0,  pos,0,  cmd, goto,-1
804.0,Elev,0,  arrived at dest, -1, this call is done!, Elevator call,666.2411587,5,-1,3,0, Done, dt, 137.75884129999997
804.0,Elev,0,  arrived at dest, -1, this call is done!, Elevator call,672.6773142,0,-1,3,0, Done, dt, 131.32268580000004
804.0,Elev,0,  arrived at src, -1, Elevator call,678.9953585,-1,-2,2,0
804.0,Elev,0,  arrived at dest, -1, this call is done!, Elevator call,713.2499766,10,-1,3,0, Done, dt, 90.75002340000003
804.0,Elev,0,  arrived at dest, -1, this call is done!, Elevator call,732.9746341,6,-1,3,0, Done, dt, 71.0253659
804.0, elevID,0,  pos,-1,  cmd, goto,-2
804.0,Elev,1,  arrived at dest, 5, this call is done!, Elevator call,779.3996914,-1,5,3,1, Done, dt, 24.60030859999995
806.0,Elevator call,805.6754743,-1,-2,1,1, got allocated to elevator, 1
806.0, elevID,1,  pos,5,  cmd, goto,-1
811.0,Elevator call,810.4469089,2,0,1,0, got allocated to elevator, 0
815.0,Elev,0,  arrived at dest, -2, this call is done!, Elevator call,678.9953585,-1,-2,3,0, Done, dt, 136.00464150000005
815.0, elevID,0,  pos,-2,  cmd, goto,1
817.0,Elevator call,816.1516998,7,-1,1,1, got allocated to elevator, 1
819.0,Elev,1,  arrived at src, -1, Elevator call,805.6754743,-1,-2,2,1
819.0, elevID,1,  pos,-1,  cmd, goto,-2
826.0,Elevator call,825.4575185,7,0,1,1, got allocated to elevator, 1
828.0,Elev,0,  arrived at dest, 1, this call is done!, Elevator call,710.324977,0,1,3,0, Done, dt, 117.67502300000001
828.0, elevID,0,  pos,1,  cmd, goto,2
830.0,Elev,1,  arrived at dest, -2, this call is done!, Elevator call,805.6754743,-1,-2,3,1, Done, dt, 24.32452569999998
830.0, elevID,1,  pos,-2,  cmd, goto,7
839.0,Elev,0,  arrived at src, 2, Elevator call,810.4469089,2,0,2,0
839.0, elevID,0,  pos,2,  cmd, goto,10
840.0,Elevator call,839.8525653,0,1,1,0, got allocated to elevator, 0
845.0,Elev,1,  arrived at src, 7, Elevator call,816.1516998,7,-1,2,1
845.0,Elev,1,  arrived at src, 7, Elevator call,825.4575185,7,0,2,1
845.0, elevID,1,  pos,7,  cmd, goto,0
855.0,Elevator call,854.2002278,6,-1,1,1, got allocated to elevator, 1
857.0,Elev,0,  arrived at dest, 10, this call is done!, Elevator call,695.2239882,0,10,3,0, Done, dt, 161.7760118
857.0, elevID,0,  pos,10,  cmd, goto,0
859.0,Elev,1,  arrived at dest, 0, this call is done!, Elevator call,825.4575185,7,0,3,1, Done, dt, 33.54248150000001
859.0, elevID,1,  pos,0,  cmd, goto,-1
864.0,Elevator call,863.8932913,0,-1,1,0, got allocated to elevator, 0
870.0,Elev,1,  arrived at dest, -1, this call is done!, Elevator call,816.1516998,7,-1,3,1, Done, dt, 53.84830020000004
870.0, elevID,1,  pos,-1,  cmd, goto,6
871.0,Elevator call,870.5053024,0,7,1,0, got allocated to elevator, 0
877.0,Elev,0,  arrived at dest, 0, this call is done!, Elevator call,810.4469089,2,0,3,0, Done, dt, 66.55309109999996
877.0,Elev,0,  arrived at src, 0, Elevator call,839.8525653,0,1,2,0
877.0,Elev,0,  arrived at src, 0, Elevator call,863.8932913,0,-1,2,0
877.0,Elev,0,  arrived at src, 0, Elevator call,870.5053024,0,7,2,0
877.0, elevID,0,  pos,0,  cmd, goto,-1
884.0,Elev,1,  arrived at src, 6, Elevator call,854.2002278,6,-1,2,1
884.0, elevID,1,  pos,6,  cmd, goto,-1
887.0,Elevator call,886.5649993,-1,-2,1,0, got allocated to elevator, 0
888.0,Elev,0,  arrived at dest, -1, this call is done!, Elevator call,863.8932913,0,-1,3,0, Done, dt, 24.106708700000013
888.0,Elev,0,  arrived at src, -1, Elevator call,886.5649993,-1,-2,2,0
888.0, elevID,0,  pos,-1,  cmd, goto,-2
893.0,Elevator call,892.5212151,9,-1,1,1, got allocated to elevator, 1
898.0,Elev,1,  arrived at dest, -1, this call is done!, Elevator call,854.2002278,6,-1,3,1, Done, dt, 43.79977220000001
898.0, elevID,1,  pos,-1,  cmd, goto,9
899.0,Elev,0,  arrived at dest, -2, this call is done!, Elevator call,886.5649993,-1,-2,3,0, Done, dt, 12.435000700000046
899.0, elevID,0,  pos,-2,  cmd, goto,1
911.0,Elevator call,910.5388559,6,5,1,1, got allocated to elevator, 1
912.0,Elev,0,  arrived at dest, 1, this call is done!, Elevator call,839.8525653,0,1,3,0, Done, dt, 72.14743469999996
912.0, elevID,0,  pos,1,  cmd, goto,7
913.0,Elev,1,  arrived at src, 9, Elevator call,892.5212151,9,-1,2,1
913.0, elevID,1,  pos,9,  cmd, goto,6
916.0,Elevator call,915.9490575,4,-1,1,1, got allocated to elevator, 1
925.0,Elev,1,  arrived at src, 6, Elevator call,910.5388559,6,5,2,1
925.0, elevID,1,  pos,6,  cmd, goto,5
928.0,Elev,0,  arrived at dest, 7, this call is done!, Elevator call,870.5053024,0,7,3,0, Done, dt, 57.494697599999995
934.0,Elevator call,933.8580452,7,5,1,1, got allocated to elevator, 1
936.0,Elev,1,  arrived at dest, 5, this call is done!, Elevator call,910.5388559,6,5,3,1, Done, dt, 25.461144099999956
936.0, elevID,1,  pos,5,  cmd, goto,4
947.0,Elev,1,  arrived at src, 4, Elevator call,915.9490575,4,-1,2,1
947.0, elevID,1,  pos,4,  cmd, goto,-1
960.0,Elev,1,  arrived at dest, -1, this call is done!, Elevator call,892.5212151,9,-1,3,1, Done, dt, 67.47878490000005
960.0,Elev,1,  arrived at dest, -1, this call is done!, Elevator call,915.9490575,4,-1,3,1, Done, dt, 44.05094250000002
960.0, elevID,1,  pos,-1,  cmd, goto,7
962.0,Elevator call,961.6862856,6,-1,1,1, got allocated to elevator, 1
962.0, elevID,1,  pos,-1,  cmd, stop,6
973.0,Elevator call,972.8032126,1,0,1,1, got allocated to elevator, 1
974.0,Elev,1,  arrived at src, 6, Elevator call,961.6862856,6,-1,2,1
974.0, elevID,1,  pos,6,  cmd, goto,7
976.0,Elevator call,975.8361203,0,-1,1,1, got allocated to elevator, 1
979.0,Elevator call,978.5925149,10,0,1,1, got allocated to elevator, 1
979.0,Elevator call,978.6210501,10,-1,1,1, got allocated to elevator, 1
985.0,Elevator call,984.1840186,7,0,1,1, got allocated to elevator, 1
985.0,Elev,1,  arrived at src, 7, Elevator call,933.8580452,7,5,2,1
985.0,Elev,1,  arrived at src, 7, Elevator call,984.1840186,7,0,2,1
985.0, elevID,1,  pos,7,  cmd, goto,10
997.0,Elev,1,  arrived at src, 10, Elevator call,978.5925149,10,0,2,1
997.0,Elev,1,  arrived at src, 10, Elevator call,978.6210501,10,-1,2,1
997.0, elevID,1,  pos,10,  cmd, goto,5
1010.0,Elev,1,  arrived at dest, 5, this call is done!, Elevator call,933.8580452,7,5,3,1, Done, dt, 76.14195480000001
1010.0, elevID,1,  pos,5,  cmd, goto,1
1022.0,Elev,1,  arrived at src, 1, Elevator call,972.8032126,1,0,2,1
1022.0, elevID,1,  pos,1,  cmd, goto,0
1033.0,Elev,1,  arrived at dest, 0, this call is done!, Elevator call,972.8032126,1,0,3,1, Done, dt, 60.19678739999995
1033.0,Elev,1,  arrived at src, 0, Elevator call,975.8361203,0,-1,2,1
1033.0,Elev,1,  arrived at dest, 0, this call is done!, Elevator call,978.5925149,10,0,3,1, Done, dt, 54.40748510000003
1033.0,Elev,1,  arrived at dest, 0, this call is done!, Elevator call,984.1840186,7,0,3,1, Done, dt, 48.815981400000055
1033.0, elevID,1,  pos,0,  cmd, goto,-1
1044.0,Elev,1,  arrived at dest, -1, this call is done!, Elevator call,961.6862856,6,-1,3,1, Done, dt, 82.31371439999998
1044.0,Elev,1,  arrived at dest, -1, this call is done!, Elevator call,975.8361203,0,-1,3,1, Done, dt, 68.16387970000005
1044.0,Elev,1,  arrived at dest, -1, this call is done!, Elevator call,978.6210501,10,-1,3,1, Done, dt, 65.37894989999995
1045.0,************* Simulation Ended ************
Code Owners,209632009,212343461,  Building_file,Ex1_input/Ex1_Buildings/B2.json,  Calls,output/csv/Result_B2_a.csv
Total waiting time: 5694.0,  average waiting time per call: 56.94,  unCompleted calls,0,  certificate, -215332275
