Ex1 (OOP) Simulator log: stage Ex1_input/Ex1_Buildings/B4.json,  output/csv/Result_B4_a.csv
0.0,OOP_Ex1_Elevator_Simulator
0.0,Simulated Building, Building [-10,100]
0) ex1.Elevator_A, Elev_, id,0,  speed, 1.0, open: 2.0,  start: 3.0, close: 2.0,  stop: 3.0
1) ex1.Elevator_A, Elev_, id,1,  speed, 2.0, open: 2.0,  start: 3.0, close: 2.0,  stop: 3.0
2) ex1.Elevator_A, Elev_, id,2,  speed, 8.0, open: 1.25,  start: 1.875, close: 1.25,  stop: 1.875
3) ex1.Elevator_A, Elev_, id,3,  speed, 6.0, open: 1.6666666666666667,  start: 2.5, close: 1.6666666666666667,  stop: 2.5
4) ex1.Elevator_A, Elev_, id,4,  speed, 2.0, open: 2.0,  start: 3.0, close: 2.0,  stop: 3.0

0.0,Simulated Period starTime,0.0,  endTime,1104.1840186,  dt,1.0
0.0,Simulated  calls,Elevator log, size: 100
0.0,**** Simulation starts!! ****
5.0,Elevator call,4.37472729,0,-1,1,2, got allocated to elevator, 2
5.0,Elev,2,  arrived at src, 0, Elevator call,4.37472729,0,-1,2,2
5.0, elevID,2,  pos,0,  cmd, goto,-1
12.0,Elev,2,  arrived at dest, -1, this call is done!, Elevator call,4.37472729,0,-1,3,2, Done, dt, 7.62527271
17.0,Elevator call,16.95788289,-1,0,1,2, got allocated to elevator, 2
17.0,Elev,2,  arrived at src, -1, Elevator call,16.95788289,-1,0,2,2
17.0, elevID,2,  pos,-1,  cmd, goto,0
23.0,Elevator call,22.0940563,0,-1,1,2, got allocated to elevator, 2
24.0,Elev,2,  arrived at dest, 0, this call is done!, Elevator call,16.95788289,-1,0,3,2, Done, dt, 7.0421171099999995
24.0,Elev,2,  arrived at src, 0, Elevator call,22.0940563,0,-1,2,2
24.0, elevID,2,  pos,0,  cmd, goto,-1
31.0,Elev,2,  arrived at dest, -1, this call is done!, Elevator call,22.0940563,0,-1,3,2, Done, dt, 8.905943700000002
86.0,Elevator call,85.52096662,3,2,1,3, got allocated to elevator, 3
86.0, elevID,3,  pos,0,  cmd, goto,3
92.0,Elevator call,91.21019413,-1,-2,1,3, got allocated to elevator, 3
95.0,Elev,3,  arrived at src, 3, Elevator call,85.52096662,3,2,2,3
95.0, elevID,3,  pos,3,  cmd, goto,2
104.0,Elev,3,  arrived at dest, 2, this call is done!, Elevator call,85.52096662,3,2,3,3, Done, dt, 18.479033380000004
104.0, elevID,3,  pos,2,  cmd, goto,-1
105.0,Elevator call,104.1370124,0,4,1,1, got allocated to elevator, 1
105.0,Elev,1,  arrived at src, 0, Elevator call,104.1370124,0,4,2,1
105.0, elevID,1,  pos,0,  cmd, goto,4
110.0,Elevator call,109.2135291,-1,0,1,4, got allocated to elevator, 4
110.0, elevID,4,  pos,0,  cmd, goto,-1
113.0,Elev,3,  arrived at src, -1, Elevator call,91.21019413,-1,-2,2,3
113.0, elevID,3,  pos,-1,  cmd, goto,-2
115.0,Elevator call,114.392351,3,0,1,1, got allocated to elevator, 1
117.0,Elev,1,  arrived at dest, 4, this call is done!, Elevator call,104.1370124,0,4,3,1, Done, dt, 12.862987599999997
117.0, elevID,1,  pos,4,  cmd, goto,3
121.0,Elev,4,  arrived at src, -1, Elevator call,109.2135291,-1,0,2,4
121.0, elevID,4,  pos,-1,  cmd, goto,0
122.0,Elev,3,  arrived at dest, -2, this call is done!, Elevator call,91.21019413,-1,-2,3,3, Done, dt, 30.789805869999995
125.0,Elevator call,124.425571,0,9,1,4, got allocated to elevator, 4
128.0,Elev,1,  arrived at src, 3, Elevator call,114.392351,3,0,2,1
128.0, elevID,1,  pos,3,  cmd, goto,0
131.0,Elevator call,130.0249568,8,10,1,4, got allocated to elevator, 4
131.0,Elevator call,130.2249113,-1,1,1,4, got allocated to elevator, 4
132.0,Elev,4,  arrived at dest, 0, this call is done!, Elevator call,109.2135291,-1,0,3,4, Done, dt, 22.786470899999998
132.0,Elev,4,  arrived at src, 0, Elevator call,124.425571,0,9,2,4
132.0, elevID,4,  pos,0,  cmd, goto,8
138.0,Elevator call,137.9515274,0,4,1,0, got allocated to elevator, 0
138.0,Elev,0,  arrived at src, 0, Elevator call,137.9515274,0,4,2,0
138.0, elevID,0,  pos,0,  cmd, goto,4
140.0,Elev,1,  arrived at dest, 0, this call is done!, Elevator call,114.392351,3,0,3,1, Done, dt, 25.607648999999995
144.0,Elevator call,143.9133584,0,6,1,0, got allocated to elevator, 0
146.0,Elev,4,  arrived at src, 8, Elevator call,130.0249568,8,10,2,4
146.0, elevID,4,  pos,8,  cmd, goto,9
152.0,Elev,0,  arrived at dest, 4, this call is done!, Elevator call,137.9515274,0,4,3,0, Done, dt, 14.048472599999997
152.0, elevID,0,  pos,4,  cmd, goto,0
157.0,Elev,4,  arrived at dest, 9, this call is done!, Elevator call,124.425571,0,9,3,4, Done, dt, 32.574428999999995
157.0, elevID,4,  pos,9,  cmd, goto,10
166.0,Elev,0,  arrived at src, 0, Elevator call,143.9133584,0,6,2,0
166.0, elevID,0,  pos,0,  cmd, goto,6
168.0,Elev,4,  arrived at dest, 10, this call is done!, Elevator call,130.0249568,8,10,3,4, Done, dt, 37.97504319999999
168.0, elevID,4,  pos,10,  cmd, goto,-1
170.0,Elevator call,169.7845834,-1,0,1,2, got allocated to elevator, 2
170.0,Elev,2,  arrived at src, -1, Elevator call,169.7845834,-1,0,2,2
170.0, elevID,2,  pos,-1,  cmd, goto,0
171.0,Elevator call,170.0099621,0,6,1,0, got allocated to elevator, 0
171.0, elevID,0,  pos,0,  cmd, stop,0
172.0,Elevator call,171.2117332,-1,8,1,0, got allocated to elevator, 0
175.0,Elevator call,174.8438515,0,-1,1,2, got allocated to elevator, 2
176.0,Elev,0,  arrived at src, 0, Elevator call,170.0099621,0,6,2,0
176.0, elevID,0,  pos,0,  cmd, goto,6
177.0,Elev,2,  arrived at dest, 0, this call is done!, Elevator call,169.7845834,-1,0,3,2, Done, dt, 7.2154165999999975
177.0,Elev,2,  arrived at src, 0, Elevator call,174.8438515,0,-1,2,2
177.0, elevID,2,  pos,0,  cmd, goto,-1
184.0,Elev,2,  arrived at dest, -1, this call is done!, Elevator call,174.8438515,0,-1,3,2, Done, dt, 9.1561485
184.0,Elev,4,  arrived at src, -1, Elevator call,130.2249113,-1,1,2,4
184.0, elevID,4,  pos,-1,  cmd, goto,1
188.0,Elevator call,187.1167862,-1,-2,1,2, got allocated to elevator, 2
188.0,Elevator call,187.7299318,-1,-2,1,2, got allocated to elevator, 2
188.0,Elev,2,  arrived at src, -1, Elevator call,187.1167862,-1,-2,2,2
188.0,Elev,2,  arrived at src, -1, Elevator call,187.7299318,-1,-2,2,2
188.0, elevID,2,  pos,-1,  cmd, goto,-2
192.0,Elev,0,  arrived at dest, 6, this call is done!, Elevator call,143.9133584,0,6,3,0, Done, dt, 48.08664160000001
192.0,Elev,0,  arrived at dest, 6, this call is done!, Elevator call,170.0099621,0,6,3,0, Done, dt, 21.990037900000004
192.0, elevID,0,  pos,6,  cmd, goto,-1
195.0,Elev,2,  arrived at dest, -2, this call is done!, Elevator call,187.1167862,-1,-2,3,2, Done, dt, 7.883213799999993
195.0,Elev,2,  arrived at dest, -2, this call is done!, Elevator call,187.7299318,-1,-2,3,2, Done, dt, 7.270068199999997
195.0,Elev,4,  arrived at dest, 1, this call is done!, Elevator call,130.2249113,-1,1,3,4, Done, dt, 64.7750887
196.0,Elevator call,195.9086965,0,7,1,3, got allocated to elevator, 3
196.0, elevID,3,  pos,-2,  cmd, goto,0
198.0,Elevator call,197.5359191,-1,1,1,3, got allocated to elevator, 3
198.0, elevID,3,  pos,-2,  cmd, stop,-1
205.0,Elev,3,  arrived at src, -1, Elevator call,197.5359191,-1,1,2,3
205.0, elevID,3,  pos,-1,  cmd, goto,0
206.0,Elevator call,205.9895199,-1,0,1,4, got allocated to elevator, 4
206.0, elevID,4,  pos,1,  cmd, goto,-1
209.0,Elev,0,  arrived at src, -1, Elevator call,171.2117332,-1,8,2,0
209.0, elevID,0,  pos,-1,  cmd, goto,8
214.0,Elev,3,  arrived at src, 0, Elevator call,195.9086965,0,7,2,3
214.0, elevID,3,  pos,0,  cmd, goto,1
217.0,Elev,4,  arrived at src, -1, Elevator call,205.9895199,-1,0,2,4
217.0, elevID,4,  pos,-1,  cmd, goto,0
223.0,Elev,3,  arrived at dest, 1, this call is done!, Elevator call,197.5359191,-1,1,3,3, Done, dt, 25.4640809
223.0, elevID,3,  pos,1,  cmd, goto,7
228.0,Elevator call,227.0798305,-1,5,1,3, got allocated to elevator, 3
228.0,Elev,0,  arrived at dest, 8, this call is done!, Elevator call,171.2117332,-1,8,3,0, Done, dt, 56.7882668
228.0,Elev,4,  arrived at dest, 0, this call is done!, Elevator call,205.9895199,-1,0,3,4, Done, dt, 22.010480099999995
232.0,Elevator call,231.5157882,-1,0,1,1, got allocated to elevator, 1
232.0, elevID,1,  pos,0,  cmd, goto,-1
233.0,Elevator call,232.9504362,0,-1,1,3, got allocated to elevator, 3
233.0,Elev,3,  arrived at dest, 7, this call is done!, Elevator call,195.9086965,0,7,3,3, Done, dt, 37.09130350000001
233.0, elevID,3,  pos,7,  cmd, goto,0
243.0,Elev,1,  arrived at src, -1, Elevator call,231.5157882,-1,0,2,1
243.0, elevID,1,  pos,-1,  cmd, goto,0
243.0,Elev,3,  arrived at src, 0, Elevator call,232.9504362,0,-1,2,3
243.0, elevID,3,  pos,0,  cmd, goto,-1
252.0,Elevator call,251.1044469,-1,-2,1,1, got allocated to elevator, 1
252.0,Elevator call,251.2359335,0,9,1,1, got allocated to elevator, 1
252.0,Elev,3,  arrived at src, -1, Elevator call,227.0798305,-1,5,2,3
252.0,Elev,3,  arrived at dest, -1, this call is done!, Elevator call,232.9504362,0,-1,3,3, Done, dt, 19.049563799999987
252.0, elevID,3,  pos,-1,  cmd, goto,5
254.0,Elev,1,  arrived at dest, 0, this call is done!, Elevator call,231.5157882,-1,0,3,1, Done, dt, 22.484211799999997
254.0,Elev,1,  arrived at src, 0, Elevator call,251.2359335,0,9,2,1
254.0, elevID,1,  pos,0,  cmd, goto,9
255.0,Elevator call,254.6977153,3,4,1,3, got allocated to elevator, 3
255.0, elevID,3,  pos,-1,  cmd, stop,3
258.0,Elevator call,257.7974435,-1,0,1,1, got allocated to elevator, 1
261.0,Elev,3,  arrived at src, 3, Elevator call,254.6977153,3,4,2,3
261.0, elevID,3,  pos,3,  cmd, goto,4
269.0,Elev,1,  arrived at dest, 9, this call is done!, Elevator call,251.2359335,0,9,3,1, Done, dt, 17.764066500000013
269.0, elevID,1,  pos,9,  cmd, goto,-1
270.0,Elev,3,  arrived at dest, 4, this call is done!, Elevator call,254.6977153,3,4,3,3, Done, dt, 15.302284700000001
270.0, elevID,3,  pos,4,  cmd, goto,5
279.0,Elev,3,  arrived at dest, 5, this call is done!, Elevator call,227.0798305,-1,5,3,3, Done, dt, 51.920169499999986
284.0,Elev,1,  arrived at src, -1, Elevator call,251.1044469,-1,-2,2,1
284.0,Elev,1,  arrived at src, -1, Elevator call,257.7974435,-1,0,2,1
284.0, elevID,1,  pos,-1,  cmd, goto,-2
295.0,Elev,1,  arrived at dest, -2, this call is done!, Elevator call,251.1044469,-1,-2,3,1, Done, dt, 43.8955531
295.0, elevID,1,  pos,-2,  cmd, goto,0
296.0,Elevator call,295.7943357,0,1,1,0, got allocated to elevator, 0
296.0, elevID,0,  pos,8,  cmd, goto,0
305.0,Elevator call,304.9984388,6,0,1,0, got allocated to elevator, 0
306.0,Elev,1,  arrived at dest, 0, this call is done!, Elevator call,257.7974435,-1,0,3,1, Done, dt, 48.202556500000014
310.0,Elevator call,309.3005383,0,-1,1,1, got allocated to elevator, 1
310.0,Elev,1,  arrived at src, 0, Elevator call,309.3005383,0,-1,2,1
310.0, elevID,1,  pos,0,  cmd, goto,-1
313.0,Elevator call,312.3018556,0,-1,1,0, got allocated to elevator, 0
314.0,Elev,0,  arrived at src, 0, Elevator call,295.7943357,0,1,2,0
314.0,Elev,0,  arrived at src, 0, Elevator call,312.3018556,0,-1,2,0
314.0, elevID,0,  pos,0,  cmd, goto,-1
317.0,Elevator call,316.0323783,0,-1,1,0, got allocated to elevator, 0
, elevID,0,  pos,0,  cmd, stop,0
320.0,Elevator call,319.905202,6,5,1,0, got allocated to elevator, 0
321.0,Elevator call,320.9760749,-1,0,1,0, got allocated to elevator, 0
321.0,Elev,1,  arrived at dest, -1, this call is done!, Elevator call,309.3005383,0,-1,3,1, Done, dt, 11.699461699999972
322.0,Elevator call,321.370409,7,-1,1,0, got allocated to elevator, 0
324.0,Elev,0,  arrived at src, 0, Elevator call,316.0323783,0,-1,2,0
324.0, elevID,0,  pos,0,  cmd, goto,-1
333.0,Elevator call,332.4267319,0,10,1,0, got allocated to elevator, 0
335.0,Elev,0,  arrived at dest, -1, this call is done!, Elevator call,312.3018556,0,-1,3,0, Done, dt, 22.69814439999999
335.0,Elev,0,  arrived at dest, -1, this call is done!, Elevator call,316.0323783,0,-1,3,0, Done, dt, 18.967621699999995
335.0,Elev,0,  arrived at src, -1, Elevator call,320.9760749,-1,0,2,0
335.0, elevID,0,  pos,-1,  cmd, goto,0
337.0,Elevator call,336.9304305,-1,0,1,1, got allocated to elevator, 1
337.0,Elev,1,  arrived at src, -1, Elevator call,336.9304305,-1,0,2,1
337.0, elevID,1,  pos,-1,  cmd, goto,0
346.0,Elev,0,  arrived at dest, 0, this call is done!, Elevator call,320.9760749,-1,0,3,0, Done, dt, 25.023925099999985
346.0,Elev,0,  arrived at src, 0, Elevator call,332.4267319,0,10,2,0
346.0, elevID,0,  pos,0,  cmd, goto,1
348.0,Elev,1,  arrived at dest, 0, this call is done!, Elevator call,336.9304305,-1,0,3,1, Done, dt, 11.0695695
357.0,Elev,0,  arrived at dest, 1, this call is done!, Elevator call,295.7943357,0,1,3,0, Done, dt, 61.205664300000024
357.0, elevID,0,  pos,1,  cmd, goto,6
372.0,Elev,0,  arrived at src, 6, Elevator call,304.9984388,6,0,2,0
372.0,Elev,0,  arrived at src, 6, Elevator call,319.905202,6,5,2,0
372.0, elevID,0,  pos,6,  cmd, goto,7
376.0,Elevator call,375.490481,1,0,1,1, got allocated to elevator, 1
376.0, elevID,1,  pos,0,  cmd, goto,1
383.0,Elev,0,  arrived at src, 7, Elevator call,321.370409,7,-1,2,0
383.0, elevID,0,  pos,7,  cmd, goto,10
387.0,Elev,1,  arrived at src, 1, Elevator call,375.490481,1,0,2,1
387.0, elevID,1,  pos,1,  cmd, goto,0
393.0,Elevator call,392.5160765,0,5,1,0, got allocated to elevator, 0
396.0,Elev,0,  arrived at dest, 10, this call is done!, Elevator call,332.4267319,0,10,3,0, Done, dt, 63.57326810000001
396.0, elevID,0,  pos,10,  cmd, goto,5
398.0,Elev,1,  arrived at dest, 0, this call is done!, Elevator call,375.490481,1,0,3,1, Done, dt, 22.50951900000001
406.0,Elevator call,405.1821141,-1,10,1,1, got allocated to elevator, 1
406.0, elevID,1,  pos,0,  cmd, goto,-1
411.0,Elev,0,  arrived at dest, 5, this call is done!, Elevator call,319.905202,6,5,3,0, Done, dt, 91.09479800000003
411.0, elevID,0,  pos,5,  cmd, goto,0
417.0,Elev,1,  arrived at src, -1, Elevator call,405.1821141,-1,10,2,1
417.0, elevID,1,  pos,-1,  cmd, goto,10
426.0,Elev,0,  arrived at dest, 0, this call is done!, Elevator call,304.9984388,6,0,3,0, Done, dt, 121.00156120000003
426.0,Elev,0,  arrived at src, 0, Elevator call,392.5160765,0,5,2,0
426.0, elevID,0,  pos,0,  cmd, goto,-1
427.0,Elevator call,426.8615805,2,0,1,1, got allocated to elevator, 1
433.0,Elev,1,  arrived at dest, 10, this call is done!, Elevator call,405.1821141,-1,10,3,1, Done, dt, 27.81788590000002
433.0, elevID,1,  pos,10,  cmd, goto,2
437.0,Elev,0,  arrived at dest, -1, this call is done!, Elevator call,321.370409,7,-1,3,0, Done, dt, 115.629591
437.0, elevID,0,  pos,-1,  cmd, goto,5
438.0,Elevator call,437.1711158,1,0,1,1, got allocated to elevator, 1
447.0,Elev,1,  arrived at src, 2, Elevator call,426.8615805,2,0,2,1
447.0, elevID,1,  pos,2,  cmd, goto,1
453.0,Elev,0,  arrived at dest, 5, this call is done!, Elevator call,392.5160765,0,5,3,0, Done, dt, 60.4839235
458.0,Elev,1,  arrived at src, 1, Elevator call,437.1711158,1,0,2,1
458.0, elevID,1,  pos,1,  cmd, goto,0
469.0,Elev,1,  arrived at dest, 0, this call is done!, Elevator call,426.8615805,2,0,3,1, Done, dt, 42.1384195
469.0,Elev,1,  arrived at dest, 0, this call is done!, Elevator call,437.1711158,1,0,3,1, Done, dt, 31.828884200000005
473.0,Elevator call,472.7445474,10,-1,1,1, got allocated to elevator, 1
473.0, elevID,1,  pos,0,  cmd, goto,10
488.0,Elev,1,  arrived at src, 10, Elevator call,472.7445474,10,-1,2,1
488.0, elevID,1,  pos,10,  cmd, goto,-1
501.0,Elevator call,500.3712045,8,-1,1,1, got allocated to elevator, 1
504.0,Elevator call,503.1384784,1,-1,1,1, got allocated to elevator, 1
504.0,Elev,1,  arrived at dest, -1, this call is done!, Elevator call,472.7445474,10,-1,3,1, Done, dt, 31.255452600000012
504.0, elevID,1,  pos,-1,  cmd, goto,1
505.0,Elevator call,504.4317942,0,-1,1,1, got allocated to elevator, 1
505.0, elevID,1,  pos,-1,  cmd, stop,0
515.0,Elev,1,  arrived at src, 0, Elevator call,504.4317942,0,-1,2,1
515.0, elevID,1,  pos,0,  cmd, goto,1
526.0,Elev,1,  arrived at src, 1, Elevator call,503.1384784,1,-1,2,1
526.0, elevID,1,  pos,1,  cmd, goto,8
530.0,Elevator call,529.6277472,3,-1,1,1, got allocated to elevator, 1
530.0, elevID,1,  pos,1,  cmd, stop,3
537.0,Elev,1,  arrived at src, 3, Elevator call,529.6277472,3,-1,2,1
537.0, elevID,1,  pos,3,  cmd, goto,8
538.0,Elevator call,537.7866884,-1,6,1,1, got allocated to elevator, 1
545.0,Elevator call,544.7880392,6,-1,1,1, got allocated to elevator, 1
550.0,Elev,1,  arrived at src, 8, Elevator call,500.3712045,8,-1,2,1
550.0, elevID,1,  pos,8,  cmd, goto,6
555.0,Elevator call,554.0892923,4,0,1,1, got allocated to elevator, 1
558.0,Elevator call,557.244139,10,0,1,1, got allocated to elevator, 1
561.0,Elev,1,  arrived at src, 6, Elevator call,544.7880392,6,-1,2,1
561.0, elevID,1,  pos,6,  cmd, goto,4
566.0,Elevator call,565.0195522,0,-1,1,1, got allocated to elevator, 1
572.0,Elev,1,  arrived at src, 4, Elevator call,554.0892923,4,0,2,1
572.0, elevID,1,  pos,4,  cmd, goto,0
582.0,Elevator call,581.870309,0,3,1,1, got allocated to elevator, 1
584.0,Elev,1,  arrived at dest, 0, this call is done!, Elevator call,554.0892923,4,0,3,1, Done, dt, 29.91070769999999
584.0,Elev,1,  arrived at src, 0, Elevator call,565.0195522,0,-1,2,1
584.0,Elev,1,  arrived at src, 0, Elevator call,581.870309,0,3,2,1
584.0, elevID,1,  pos,0,  cmd, goto,-1
595.0,Elev,1,  arrived at dest, -1, this call is done!, Elevator call,500.3712045,8,-1,3,1, Done, dt, 94.62879550000002
595.0,Elev,1,  arrived at dest, -1, this call is done!, Elevator call,503.1384784,1,-1,3,1, Done, dt, 91.8615216
595.0,Elev,1,  arrived at dest, -1, this call is done!, Elevator call,504.4317942,0,-1,3,1, Done, dt, 90.56820579999999
595.0,Elev,1,  arrived at dest, -1, this call is done!, Elevator call,529.6277472,3,-1,3,1, Done, dt, 65.37225279999996
595.0,Elev,1,  arrived at src, -1, Elevator call,537.7866884,-1,6,2,1
595.0,Elev,1,  arrived at dest, -1, this call is done!, Elevator call,544.7880392,6,-1,3,1, Done, dt, 50.21196080000004
595.0,Elev,1,  arrived at dest, -1, this call is done!, Elevator call,565.0195522,0,-1,3,1, Done, dt, 29.98044779999998
595.0, elevID,1,  pos,-1,  cmd, goto,3
597.0,Elevator call,596.1232023,8,0,1,1, got allocated to elevator, 1
601.0,Elevator call,600.931288,1,0,1,1, got allocated to elevator, 1
601.0, elevID,1,  pos,1,  cmd, stop,1
604.0,Elevator call,603.9342327,7,0,1,1, got allocated to elevator, 1
606.0,Elev,1,  arrived at src, 1, Elevator call,600.931288,1,0,2,1
606.0, elevID,1,  pos,1,  cmd, goto,3
617.0,Elev,1,  arrived at dest, 3, this call is done!, Elevator call,581.870309,0,3,3,1, Done, dt, 35.12969099999998
617.0, elevID,1,  pos,3,  cmd, goto,6
618.0,Elevator call,617.9628339,0,3,1,1, got allocated to elevator, 1
620.0,Elevator call,619.6454197,9,0,1,1, got allocated to elevator, 1
627.0,Elevator call,626.2116172,0,1,1,1, got allocated to elevator, 1
629.0,Elev,1,  arrived at dest, 6, this call is done!, Elevator call,537.7866884,-1,6,3,1, Done, dt, 91.2133116
629.0, elevID,1,  pos,6,  cmd, goto,7
640.0,Elev,1,  arrived at src, 7, Elevator call,603.9342327,7,0,2,1
640.0, elevID,1,  pos,7,  cmd, goto,8
644.0,Elevator call,643.8547515,-1,2,1,1, got allocated to elevator, 1
651.0,Elev,1,  arrived at src, 8, Elevator call,596.1232023,8,0,2,1
651.0, elevID,1,  pos,8,  cmd, goto,9
661.0,Elevator call,660.0732908,6,10,1,1, got allocated to elevator, 1
662.0,Elevator call,661.042082,-1,3,1,1, got allocated to elevator, 1
662.0,Elev,1,  arrived at src, 9, Elevator call,619.6454197,9,0,2,1
662.0, elevID,1,  pos,9,  cmd, goto,10
663.0,Elevator call,662.1730528,-1,5,1,3, got allocated to elevator, 3
663.0, elevID,3,  pos,5,  cmd, goto,-1
666.0,Elevator call,665.1155549,-1,8,1,3, got allocated to elevator, 3
667.0,Elevator call,666.0340295,4,0,1,3, got allocated to elevator, 3
667.0,Elevator call,666.2411587,5,-1,1,3, got allocated to elevator, 3
, elevID,3,  pos,5,  cmd, stop,5
672.0,Elev,3,  arrived at src, 5, Elevator call,666.2411587,5,-1,2,3
672.0, elevID,3,  pos,5,  cmd, goto,4
673.0,Elevator call,672.6773142,0,-1,1,1, got allocated to elevator, 1
673.0,Elev,1,  arrived at src, 10, Elevator call,557.244139,10,0,2,1
673.0, elevID,1,  pos,10,  cmd, goto,6
678.0,Elevator call,677.7341948,0,-1,1,4, got allocated to elevator, 4
678.0,Elev,4,  arrived at src, 0, Elevator call,677.7341948,0,-1,2,4
678.0, elevID,4,  pos,0,  cmd, goto,-1
679.0,Elevator call,678.9953585,-1,-2,1,4, got allocated to elevator, 4
681.0,Elev,3,  arrived at src, 4, Elevator call,666.0340295,4,0,2,3
681.0, elevID,3,  pos,4,  cmd, goto,0
685.0,Elev,1,  arrived at src, 6, Elevator call,660.0732908,6,10,2,1
685.0, elevID,1,  pos,6,  cmd, goto,0
689.0,Elev,4,  arrived at dest, -1, this call is done!, Elevator call,677.7341948,0,-1,3,4, Done, dt, 11.265805200000045
689.0,Elev,4,  arrived at src, -1, Elevator call,678.9953585,-1,-2,2,4
689.0, elevID,4,  pos,-1,  cmd, goto,-2
690.0,Elev,3,  arrived at dest, 0, this call is done!, Elevator call,666.0340295,4,0,3,3, Done, dt, 23.965970500000026
690.0, elevID,3,  pos,0,  cmd, goto,-1
696.0,Elevator call,695.2239882,0,10,1,3, got allocated to elevator, 3
698.0,Elev,1,  arrived at dest, 0, this call is done!, Elevator call,557.244139,10,0,3,1, Done, dt, 140.75586099999998
698.0,Elev,1,  arrived at dest, 0, this call is done!, Elevator call,596.1232023,8,0,3,1, Done, dt, 101.8767977
698.0,Elev,1,  arrived at dest, 0, this call is done!, Elevator call,600.931288,1,0,3,1, Done, dt, 97.068712
698.0,Elev,1,  arrived at dest, 0, this call is done!, Elevator call,603.9342327,7,0,3,1, Done, dt, 94.06576729999995
698.0,Elev,1,  arrived at src, 0, Elevator call,617.9628339,0,3,2,1
698.0,Elev,1,  arrived at dest, 0, this call is done!, Elevator call,619.6454197,9,0,3,1, Done, dt, 78.35458029999995
698.0,Elev,1,  arrived at src, 0, Elevator call,626.2116172,0,1,2,1
698.0,Elev,1,  arrived at src, 0, Elevator call,672.6773142,0,-1,2,1
698.0, elevID,1,  pos,0,  cmd, goto,-1
699.0,Elev,3,  arrived at src, -1, Elevator call,662.1730528,-1,5,2,3
699.0,Elev,3,  arrived at src, -1, Elevator call,665.1155549,-1,8,2,3
699.0,Elev,3,  arrived at dest, -1, this call is done!, Elevator call,666.2411587,5,-1,3,3, Done, dt, 32.75884129999997
699.0, elevID,3,  pos,-1,  cmd, goto,0
700.0,Elev,4,  arrived at dest, -2, this call is done!, Elevator call,678.9953585,-1,-2,3,4, Done, dt, 21.004641500000048
707.0,Elevator call,706.1583475,-1,-2,1,3, got allocated to elevator, 3
708.0,Elev,3,  arrived at src, 0, Elevator call,695.2239882,0,10,2,3
708.0, elevID,3,  pos,0,  cmd, goto,5
709.0,Elev,1,  arrived at src, -1, Elevator call,643.8547515,-1,2,2,1
709.0,Elev,1,  arrived at src, -1, Elevator call,661.042082,-1,3,2,1
709.0,Elev,1,  arrived at dest, -1, this call is done!, Elevator call,672.6773142,0,-1,3,1, Done, dt, 36.322685800000045
709.0, elevID,1,  pos,-1,  cmd, goto,1
711.0,Elevator call,710.324977,0,1,1,4, got allocated to elevator, 4
711.0, elevID,4,  pos,-2,  cmd, goto,0
714.0,Elevator call,713.0191971,1,0,1,4, got allocated to elevator, 4
714.0,Elevator call,713.2499766,10,-1,1,1, got allocated to elevator, 1
718.0,Elev,3,  arrived at dest, 5, this call is done!, Elevator call,662.1730528,-1,5,3,3, Done, dt, 55.82694719999995
718.0, elevID,3,  pos,5,  cmd, goto,8
720.0,Elev,1,  arrived at dest, 1, this call is done!, Elevator call,626.2116172,0,1,3,1, Done, dt, 93.78838280000002
720.0, elevID,1,  pos,1,  cmd, goto,2
722.0,Elev,4,  arrived at src, 0, Elevator call,710.324977,0,1,2,4
722.0, elevID,4,  pos,0,  cmd, goto,1
723.0,Elevator call,722.6161213,10,0,1,2, got allocated to elevator, 2
723.0, elevID,2,  pos,-2,  cmd, goto,10
727.0,Elev,3,  arrived at dest, 8, this call is done!, Elevator call,665.1155549,-1,8,3,3, Done, dt, 61.88444509999999
727.0, elevID,3,  pos,8,  cmd, goto,10
728.0,Elevator call,727.5146029,-1,0,1,2, got allocated to elevator, 2
731.0,Elev,1,  arrived at dest, 2, this call is done!, Elevator call,643.8547515,-1,2,3,1, Done, dt, 87.14524849999998
731.0, elevID,1,  pos,2,  cmd, goto,3
731.0,Elev,2,  arrived at src, 10, Elevator call,722.6161213,10,0,2,2
731.0, elevID,2,  pos,10,  cmd, goto,0
733.0,Elevator call,732.9746341,6,-1,1,2, got allocated to elevator, 2
, elevID,2,  pos,10,  cmd, stop,6
733.0,Elev,4,  arrived at dest, 1, this call is done!, Elevator call,710.324977,0,1,3,4, Done, dt, 22.67502300000001
733.0,Elev,4,  arrived at src, 1, Elevator call,713.0191971,1,0,2,4
733.0, elevID,4,  pos,1,  cmd, goto,0
736.0,Elev,3,  arrived at dest, 10, this call is done!, Elevator call,695.2239882,0,10,3,3, Done, dt, 40.77601179999999
736.0, elevID,3,  pos,10,  cmd, goto,-1
738.0,Elevator call,737.3147202,1,0,1,2, got allocated to elevator, 2
738.0,Elev,2,  arrived at src, 6, Elevator call,732.9746341,6,-1,2,2
738.0, elevID,2,  pos,6,  cmd, goto,1
742.0,Elev,1,  arrived at dest, 3, this call is done!, Elevator call,617.9628339,0,3,3,1, Done, dt, 124.03716610000004
742.0,Elev,1,  arrived at dest, 3, this call is done!, Elevator call,661.042082,-1,3,3,1, Done, dt, 80.95791799999995
742.0, elevID,1,  pos,3,  cmd, goto,10
744.0,Elev,4,  arrived at dest, 0, this call is done!, Elevator call,713.0191971,1,0,3,4, Done, dt, 30.980802899999958
745.0,Elev,2,  arrived at src, 1, Elevator call,737.3147202,1,0,2,2
745.0, elevID,2,  pos,1,  cmd, goto,0
747.0,Elev,3,  arrived at src, -1, Elevator call,706.1583475,-1,-2,2,3
747.0, elevID,3,  pos,-1,  cmd, goto,-2
752.0,Elev,2,  arrived at dest, 0, this call is done!, Elevator call,722.6161213,10,0,3,2, Done, dt, 29.38387869999997
752.0,Elev,2,  arrived at dest, 0, this call is done!, Elevator call,737.3147202,1,0,3,2, Done, dt, 14.68527979999999
752.0, elevID,2,  pos,0,  cmd, goto,-1
756.0,Elev,1,  arrived at dest, 10, this call is done!, Elevator call,660.0732908,6,10,3,1, Done, dt, 95.9267092
756.0,Elev,1,  arrived at src, 10, Elevator call,713.2499766,10,-1,2,1
756.0, elevID,1,  pos,10,  cmd, goto,-1
756.0,Elev,3,  arrived at dest, -2, this call is done!, Elevator call,706.1583475,-1,-2,3,3, Done, dt, 49.84165250000001
759.0,Elev,2,  arrived at src, -1, Elevator call,727.5146029,-1,0,2,2
759.0,Elev,2,  arrived at dest, -1, this call is done!, Elevator call,732.9746341,6,-1,3,2, Done, dt, 26.025365899999997
759.0, elevID,2,  pos,-1,  cmd, goto,0
766.0,Elev,2,  arrived at dest, 0, this call is done!, Elevator call,727.5146029,-1,0,3,2, Done, dt, 38.4853971
772.0,Elev,1,  arrived at dest, -1, this call is done!, Elevator call,713.2499766,10,-1,3,1, Done, dt, 58.75002340000003
780.0,Elevator call,779.3996914,-1,5,1,3, got allocated to elevator, 3
780.0, elevID,3,  pos,-2,  cmd, goto,-1
789.0,Elev,3,  arrived at src, -1, Elevator call,779.3996914,-1,5,2,3
789.0, elevID,3,  pos,-1,  cmd, goto,5
799.0,Elev,3,  arrived at dest, 5, this call is done!, Elevator call,779.3996914,-1,5,3,3, Done, dt, 19.60030859999995
806.0,Elevator call,805.6754743,-1,-2,1,3, got allocated to elevator, 3
806.0, elevID,3,  pos,5,  cmd, goto,-1
811.0,Elevator call,810.4469089,2,0,1,2, got allocated to elevator, 2
811.0, elevID,2,  pos,0,  cmd, goto,2
816.0,Elev,3,  arrived at src, -1, Elevator call,805.6754743,-1,-2,2,3
816.0, elevID,3,  pos,-1,  cmd, goto,-2
817.0,Elevator call,816.1516998,7,-1,1,2, got allocated to elevator, 2
818.0,Elev,2,  arrived at src, 2, Elevator call,810.4469089,2,0,2,2
818.0, elevID,2,  pos,2,  cmd, goto,7
825.0,Elev,2,  arrived at src, 7, Elevator call,816.1516998,7,-1,2,2
825.0, elevID,2,  pos,7,  cmd, goto,0
825.0,Elev,3,  arrived at dest, -2, this call is done!, Elevator call,805.6754743,-1,-2,3,3, Done, dt, 19.32452569999998
826.0,Elevator call,825.4575185,7,0,1,3, got allocated to elevator, 3
826.0, elevID,3,  pos,-2,  cmd, goto,7
833.0,Elev,2,  arrived at dest, 0, this call is done!, Elevator call,810.4469089,2,0,3,2, Done, dt, 22.55309109999996
833.0, elevID,2,  pos,0,  cmd, goto,-1
836.0,Elev,3,  arrived at src, 7, Elevator call,825.4575185,7,0,2,3
836.0, elevID,3,  pos,7,  cmd, goto,0
840.0,Elevator call,839.8525653,0,1,1,3, got allocated to elevator, 3
840.0,Elev,2,  arrived at dest, -1, this call is done!, Elevator call,816.1516998,7,-1,3,2, Done, dt, 23.84830020000004
846.0,Elev,3,  arrived at dest, 0, this call is done!, Elevator call,825.4575185,7,0,3,3, Done, dt, 20.542481500000008
846.0,Elev,3,  arrived at src, 0, Elevator call,839.8525653,0,1,2,3
846.0, elevID,3,  pos,0,  cmd, goto,1
855.0,Elevator call,854.2002278,6,-1,1,1, got allocated to elevator, 1
855.0, elevID,1,  pos,-1,  cmd, goto,6
855.0,Elev,3,  arrived at dest, 1, this call is done!, Elevator call,839.8525653,0,1,3,3, Done, dt, 15.147434699999963
864.0,Elevator call,863.8932913,0,-1,1,3, got allocated to elevator, 3
864.0, elevID,3,  pos,1,  cmd, goto,0
869.0,Elev,1,  arrived at src, 6, Elevator call,854.2002278,6,-1,2,1
869.0, elevID,1,  pos,6,  cmd, goto,-1
871.0,Elevator call,870.5053024,0,7,1,3, got allocated to elevator, 3
873.0,Elev,3,  arrived at src, 0, Elevator call,863.8932913,0,-1,2,3
873.0,Elev,3,  arrived at src, 0, Elevator call,870.5053024,0,7,2,3
873.0, elevID,3,  pos,0,  cmd, goto,-1
882.0,Elev,3,  arrived at dest, -1, this call is done!, Elevator call,863.8932913,0,-1,3,3, Done, dt, 18.106708700000013
882.0, elevID,3,  pos,-1,  cmd, goto,7
883.0,Elev,1,  arrived at dest, -1, this call is done!, Elevator call,854.2002278,6,-1,3,1, Done, dt, 28.799772200000007
887.0,Elevator call,886.5649993,-1,-2,1,3, got allocated to elevator, 3
892.0,Elev,3,  arrived at dest, 7, this call is done!, Elevator call,870.5053024,0,7,3,3, Done, dt, 21.494697599999995
892.0, elevID,3,  pos,7,  cmd, goto,-1
893.0,Elevator call,892.5212151,9,-1,1,2, got allocated to elevator, 2
893.0, elevID,2,  pos,-1,  cmd, goto,9
901.0,Elev,2,  arrived at src, 9, Elevator call,892.5212151,9,-1,2,2
901.0, elevID,2,  pos,9,  cmd, goto,-1
902.0,Elev,3,  arrived at src, -1, Elevator call,886.5649993,-1,-2,2,3
902.0, elevID,3,  pos,-1,  cmd, goto,-2
909.0,Elev,2,  arrived at dest, -1, this call is done!, Elevator call,892.5212151,9,-1,3,2, Done, dt, 16.47878490000005
911.0,Elevator call,910.5388559,6,5,1,3, got allocated to elevator, 3
911.0,Elev,3,  arrived at dest, -2, this call is done!, Elevator call,886.5649993,-1,-2,3,3, Done, dt, 24.435000700000046
911.0, elevID,3,  pos,-2,  cmd, goto,6
916.0,Elevator call,915.9490575,4,-1,1,2, got allocated to elevator, 2
916.0, elevID,2,  pos,-1,  cmd, goto,4
921.0,Elev,3,  arrived at src, 6, Elevator call,910.5388559,6,5,2,3
921.0, elevID,3,  pos,6,  cmd, goto,5
923.0,Elev,2,  arrived at src, 4, Elevator call,915.9490575,4,-1,2,2
923.0, elevID,2,  pos,4,  cmd, goto,-1
930.0,Elev,2,  arrived at dest, -1, this call is done!, Elevator call,915.9490575,4,-1,3,2, Done, dt, 14.05094250000002
930.0,Elev,3,  arrived at dest, 5, this call is done!, Elevator call,910.5388559,6,5,3,3, Done, dt, 19.461144099999956
934.0,Elevator call,933.8580452,7,5,1,3, got allocated to elevator, 3
934.0, elevID,3,  pos,5,  cmd, goto,7
943.0,Elev,3,  arrived at src, 7, Elevator call,933.8580452,7,5,2,3
943.0, elevID,3,  pos,7,  cmd, goto,5
952.0,Elev,3,  arrived at dest, 5, this call is done!, Elevator call,933.8580452,7,5,3,3, Done, dt, 18.141954800000008
962.0,Elevator call,961.6862856,6,-1,1,3, got allocated to elevator, 3
962.0, elevID,3,  pos,5,  cmd, goto,6
971.0,Elev,3,  arrived at src, 6, Elevator call,961.6862856,6,-1,2,3
971.0, elevID,3,  pos,6,  cmd, goto,-1
973.0,Elevator call,972.8032126,1,0,1,3, got allocated to elevator, 3
, elevID,3,  pos,6,  cmd, stop,1
976.0,Elevator call,975.8361203,0,-1,1,3, got allocated to elevator, 3
979.0,Elevator call,978.5925149,10,0,1,3, got allocated to elevator, 3
979.0,Elevator call,978.6210501,10,-1,1,3, got allocated to elevator, 3
981.0,Elev,3,  arrived at src, 1, Elevator call,972.8032126,1,0,2,3
981.0, elevID,3,  pos,1,  cmd, goto,0
985.0,Elevator call,984.1840186,7,0,1,3, got allocated to elevator, 3
990.0,Elev,3,  arrived at dest, 0, this call is done!, Elevator call,972.8032126,1,0,3,3, Done, dt, 17.19678739999995
990.0,Elev,3,  arrived at src, 0, Elevator call,975.8361203,0,-1,2,3
990.0, elevID,3,  pos,0,  cmd, goto,-1
999.0,Elev,3,  arrived at dest, -1, this call is done!, Elevator call,961.6862856,6,-1,3,3, Done, dt, 37.31371439999998
999.0,Elev,3,  arrived at dest, -1, this call is done!, Elevator call,975.8361203,0,-1,3,3, Done, dt, 23.163879700000052
999.0, elevID,3,  pos,-1,  cmd, goto,7
1009.0,Elev,3,  arrived at src, 7, Elevator call,984.1840186,7,0,2,3
1009.0, elevID,3,  pos,7,  cmd, goto,10
1018.0,Elev,3,  arrived at src, 10, Elevator call,978.5925149,10,0,2,3
1018.0,Elev,3,  arrived at src, 10, Elevator call,978.6210501,10,-1,2,3
1018.0, elevID,3,  pos,10,  cmd, goto,0
1028.0,Elev,3,  arrived at dest, 0, this call is done!, Elevator call,978.5925149,10,0,3,3, Done, dt, 49.40748510000003
1028.0,Elev,3,  arrived at dest, 0, this call is done!, Elevator call,984.1840186,7,0,3,3, Done, dt, 43.815981400000055
1028.0, elevID,3,  pos,0,  cmd, goto,-1
1037.0,Elev,3,  arrived at dest, -1, this call is done!, Elevator call,978.6210501,10,-1,3,3, Done, dt, 58.37894989999995
1038.0,************* Simulation Ended ************
Code Owners,209632009,212343461,  Building_file,Ex1_input/Ex1_Buildings/B4.json,  Calls,output/csv/Result_B4_a.csv
Total waiting time: 4092.0,  average waiting time per call: 40.92,  unCompleted calls,0,  certificate, -258528099
