Ex1 (OOP) Simulator log: stage Ex1_input/Ex1_Buildings/B5.json,  output/csv/Result_B5_a.csv
0.0,OOP_Ex1_Elevator_Simulator
0.0,Simulated Building, Building [-10,100]
0) ex1.Elevator_A, Elev_, id,0,  speed, 9.0, open: 1.1111111111111112,  start: 1.6666666666666667, close: 1.1111111111111112,  stop: 1.6666666666666667
1) ex1.Elevator_A, Elev_, id,1,  speed, 7.0, open: 1.4285714285714286,  start: 2.142857142857143, close: 1.4285714285714286,  stop: 2.142857142857143
2) ex1.Elevator_A, Elev_, id,2,  speed, 5.0, open: 2.0,  start: 3.0, close: 2.0,  stop: 3.0
3) ex1.Elevator_A, Elev_, id,3,  speed, 5.0, open: 2.0,  start: 3.0, close: 2.0,  stop: 3.0
4) ex1.Elevator_A, Elev_, id,4,  speed, 3.0, open: 2.0,  start: 3.0, close: 2.0,  stop: 3.0
5) ex1.Elevator_A, Elev_, id,5,  speed, 3.0, open: 2.0,  start: 3.0, close: 2.0,  stop: 3.0
6) ex1.Elevator_A, Elev_, id,6,  speed, 1.5, open: 2.0,  start: 3.0, close: 2.0,  stop: 3.0
7) ex1.Elevator_A, Elev_, id,7,  speed, 9.0, open: 1.1111111111111112,  start: 1.6666666666666667, close: 1.1111111111111112,  stop: 1.6666666666666667
8) ex1.Elevator_A, Elev_, id,8,  speed, 9.0, open: 1.1111111111111112,  start: 1.6666666666666667, close: 1.1111111111111112,  stop: 1.6666666666666667
9) ex1.Elevator_A, Elev_, id,9,  speed, 2.0, open: 2.0,  start: 3.0, close: 2.0,  stop: 3.0

0.0,Simulated Period starTime,0.0,  endTime,1104.1840186,  dt,1.0
0.0,Simulated  calls,Elevator log, size: 100
0.0,**** Simulation starts!! ****
5.0,Elevator call,4.37472729,0,-1,1,0, got allocated to elevator, 0
5.0,Elev,0,  arrived at src, 0, Elevator call,4.37472729,0,-1,2,0
5.0, elevID,0,  pos,0,  cmd, goto,-1
11.0,Elev,0,  arrived at dest, -1, this call is done!, Elevator call,4.37472729,0,-1,3,0, Done, dt, 6.62527271
17.0,Elevator call,16.95788289,-1,0,1,7, got allocated to elevator, 7
17.0, elevID,7,  pos,0,  cmd, goto,-1
23.0,Elevator call,22.0940563,0,-1,1,7, got allocated to elevator, 7
23.0,Elev,7,  arrived at src, -1, Elevator call,16.95788289,-1,0,2,7
23.0, elevID,7,  pos,-1,  cmd, goto,0
29.0,Elev,7,  arrived at dest, 0, this call is done!, Elevator call,16.95788289,-1,0,3,7, Done, dt, 12.04211711
29.0,Elev,7,  arrived at src, 0, Elevator call,22.0940563,0,-1,2,7
29.0, elevID,7,  pos,0,  cmd, goto,-1
35.0,Elev,7,  arrived at dest, -1, this call is done!, Elevator call,22.0940563,0,-1,3,7, Done, dt, 12.905943700000002
86.0,Elevator call,85.52096662,3,2,1,7, got allocated to elevator, 7
86.0, elevID,7,  pos,-1,  cmd, goto,3
92.0,Elevator call,91.21019413,-1,-2,1,7, got allocated to elevator, 7
92.0,Elev,7,  arrived at src, 3, Elevator call,85.52096662,3,2,2,7
92.0, elevID,7,  pos,3,  cmd, goto,2
98.0,Elev,7,  arrived at dest, 2, this call is done!, Elevator call,85.52096662,3,2,3,7, Done, dt, 12.479033380000004
98.0, elevID,7,  pos,2,  cmd, goto,-1
104.0,Elev,7,  arrived at src, -1, Elevator call,91.21019413,-1,-2,2,7
104.0, elevID,7,  pos,-1,  cmd, goto,-2
105.0,Elevator call,104.1370124,0,4,1,8, got allocated to elevator, 8
105.0,Elev,8,  arrived at src, 0, Elevator call,104.1370124,0,4,2,8
105.0, elevID,8,  pos,0,  cmd, goto,4
110.0,Elevator call,109.2135291,-1,0,1,8, got allocated to elevator, 8
110.0,Elev,7,  arrived at dest, -2, this call is done!, Elevator call,91.21019413,-1,-2,3,7, Done, dt, 18.789805869999995
111.0,Elev,8,  arrived at dest, 4, this call is done!, Elevator call,104.1370124,0,4,3,8, Done, dt, 6.862987599999997
111.0, elevID,8,  pos,4,  cmd, goto,-1
115.0,Elevator call,114.392351,3,0,1,8, got allocated to elevator, 8
118.0,Elev,8,  arrived at src, -1, Elevator call,109.2135291,-1,0,2,8
118.0, elevID,8,  pos,-1,  cmd, goto,0
124.0,Elev,8,  arrived at dest, 0, this call is done!, Elevator call,109.2135291,-1,0,3,8, Done, dt, 14.786470899999998
124.0, elevID,8,  pos,0,  cmd, goto,3
125.0,Elevator call,124.425571,0,9,1,8, got allocated to elevator, 8
125.0, elevID,8,  pos,0,  cmd, stop,0
130.0,Elev,8,  arrived at src, 0, Elevator call,124.425571,0,9,2,8
130.0, elevID,8,  pos,0,  cmd, goto,3
131.0,Elevator call,130.0249568,8,10,1,1, got allocated to elevator, 1
131.0,Elevator call,130.2249113,-1,1,1,2, got allocated to elevator, 2
131.0, elevID,1,  pos,0,  cmd, goto,8
131.0, elevID,2,  pos,0,  cmd, goto,-1
136.0,Elev,8,  arrived at src, 3, Elevator call,114.392351,3,0,2,8
136.0, elevID,8,  pos,3,  cmd, goto,9
138.0,Elevator call,137.9515274,0,4,1,2, got allocated to elevator, 2
140.0,Elev,1,  arrived at src, 8, Elevator call,130.0249568,8,10,2,1
140.0, elevID,1,  pos,8,  cmd, goto,10
142.0,Elev,2,  arrived at src, -1, Elevator call,130.2249113,-1,1,2,2
142.0, elevID,2,  pos,-1,  cmd, goto,0
143.0,Elev,8,  arrived at dest, 9, this call is done!, Elevator call,124.425571,0,9,3,8, Done, dt, 18.574428999999995
143.0, elevID,8,  pos,9,  cmd, goto,0
144.0,Elevator call,143.9133584,0,6,1,1, got allocated to elevator, 1
148.0,Elev,1,  arrived at dest, 10, this call is done!, Elevator call,130.0249568,8,10,3,1, Done, dt, 17.975043199999988
148.0, elevID,1,  pos,10,  cmd, goto,0
150.0,Elev,8,  arrived at dest, 0, this call is done!, Elevator call,114.392351,3,0,3,8, Done, dt, 35.607648999999995
153.0,Elev,2,  arrived at src, 0, Elevator call,137.9515274,0,4,2,2
153.0, elevID,2,  pos,0,  cmd, goto,1
157.0,Elev,1,  arrived at src, 0, Elevator call,143.9133584,0,6,2,1
157.0, elevID,1,  pos,0,  cmd, goto,6
164.0,Elev,2,  arrived at dest, 1, this call is done!, Elevator call,130.2249113,-1,1,3,2, Done, dt, 33.7750887
164.0, elevID,2,  pos,1,  cmd, goto,4
165.0,Elev,1,  arrived at dest, 6, this call is done!, Elevator call,143.9133584,0,6,3,1, Done, dt, 21.086641600000007
170.0,Elevator call,169.7845834,-1,0,1,3, got allocated to elevator, 3
170.0, elevID,3,  pos,0,  cmd, goto,-1
171.0,Elevator call,170.0099621,0,6,1,3, got allocated to elevator, 3
, elevID,3,  pos,0,  cmd, stop,0
172.0,Elevator call,171.2117332,-1,8,1,4, got allocated to elevator, 4
172.0, elevID,4,  pos,0,  cmd, goto,-1
175.0,Elevator call,174.8438515,0,-1,1,5, got allocated to elevator, 5
175.0,Elev,2,  arrived at dest, 4, this call is done!, Elevator call,137.9515274,0,4,3,2, Done, dt, 37.0484726
175.0,Elev,5,  arrived at src, 0, Elevator call,174.8438515,0,-1,2,5
175.0, elevID,5,  pos,0,  cmd, goto,-1
180.0,Elev,3,  arrived at src, 0, Elevator call,170.0099621,0,6,2,3
180.0, elevID,3,  pos,0,  cmd, goto,-1
183.0,Elev,4,  arrived at src, -1, Elevator call,171.2117332,-1,8,2,4
183.0, elevID,4,  pos,-1,  cmd, goto,8
186.0,Elev,5,  arrived at dest, -1, this call is done!, Elevator call,174.8438515,0,-1,3,5, Done, dt, 11.1561485
188.0,Elevator call,187.1167862,-1,-2,1,3, got allocated to elevator, 3
188.0,Elevator call,187.7299318,-1,-2,1,3, got allocated to elevator, 3
191.0,Elev,3,  arrived at src, -1, Elevator call,169.7845834,-1,0,2,3
191.0,Elev,3,  arrived at src, -1, Elevator call,187.1167862,-1,-2,2,3
191.0,Elev,3,  arrived at src, -1, Elevator call,187.7299318,-1,-2,2,3
191.0, elevID,3,  pos,-1,  cmd, goto,-2
196.0,Elevator call,195.9086965,0,7,1,3, got allocated to elevator, 3
196.0,Elev,4,  arrived at dest, 8, this call is done!, Elevator call,171.2117332,-1,8,3,4, Done, dt, 24.788266800000002
198.0,Elevator call,197.5359191,-1,1,1,3, got allocated to elevator, 3
202.0,Elev,3,  arrived at dest, -2, this call is done!, Elevator call,187.1167862,-1,-2,3,3, Done, dt, 14.883213799999993
202.0,Elev,3,  arrived at dest, -2, this call is done!, Elevator call,187.7299318,-1,-2,3,3, Done, dt, 14.270068199999997
202.0, elevID,3,  pos,-2,  cmd, goto,-1
206.0,Elevator call,205.9895199,-1,0,1,9, got allocated to elevator, 9
206.0, elevID,9,  pos,0,  cmd, goto,-1
213.0,Elev,3,  arrived at src, -1, Elevator call,197.5359191,-1,1,2,3
213.0, elevID,3,  pos,-1,  cmd, goto,0
217.0,Elev,9,  arrived at src, -1, Elevator call,205.9895199,-1,0,2,9
217.0, elevID,9,  pos,-1,  cmd, goto,0
224.0,Elev,3,  arrived at dest, 0, this call is done!, Elevator call,169.7845834,-1,0,3,3, Done, dt, 54.2154166
224.0,Elev,3,  arrived at src, 0, Elevator call,195.9086965,0,7,2,3
224.0, elevID,3,  pos,0,  cmd, goto,1
228.0,Elevator call,227.0798305,-1,5,1,0, got allocated to elevator, 0
228.0,Elev,0,  arrived at src, -1, Elevator call,227.0798305,-1,5,2,0
228.0, elevID,0,  pos,-1,  cmd, goto,5
228.0,Elev,9,  arrived at dest, 0, this call is done!, Elevator call,205.9895199,-1,0,3,9, Done, dt, 22.010480099999995
232.0,Elevator call,231.5157882,-1,0,1,6, got allocated to elevator, 6
232.0, elevID,6,  pos,0,  cmd, goto,-1
233.0,Elevator call,232.9504362,0,-1,1,6, got allocated to elevator, 6
, elevID,6,  pos,0,  cmd, stop,0
235.0,Elev,0,  arrived at dest, 5, this call is done!, Elevator call,227.0798305,-1,5,3,0, Done, dt, 7.920169499999986
235.0,Elev,3,  arrived at dest, 1, this call is done!, Elevator call,197.5359191,-1,1,3,3, Done, dt, 37.4640809
235.0, elevID,3,  pos,1,  cmd, goto,6
242.0,Elev,6,  arrived at src, 0, Elevator call,232.9504362,0,-1,2,6
242.0, elevID,6,  pos,0,  cmd, goto,-1
246.0,Elev,3,  arrived at dest, 6, this call is done!, Elevator call,170.0099621,0,6,3,3, Done, dt, 75.9900379
246.0, elevID,3,  pos,6,  cmd, goto,7
252.0,Elevator call,251.1044469,-1,-2,1,6, got allocated to elevator, 6
252.0,Elevator call,251.2359335,0,9,1,3, got allocated to elevator, 3
253.0,Elev,6,  arrived at src, -1, Elevator call,231.5157882,-1,0,2,6
253.0,Elev,6,  arrived at dest, -1, this call is done!, Elevator call,232.9504362,0,-1,3,6, Done, dt, 20.049563799999987
253.0,Elev,6,  arrived at src, -1, Elevator call,251.1044469,-1,-2,2,6
253.0, elevID,6,  pos,-1,  cmd, goto,-2
255.0,Elevator call,254.6977153,3,4,1,6, got allocated to elevator, 6
257.0,Elev,3,  arrived at dest, 7, this call is done!, Elevator call,195.9086965,0,7,3,3, Done, dt, 61.09130350000001
257.0, elevID,3,  pos,7,  cmd, goto,0
258.0,Elevator call,257.7974435,-1,0,1,6, got allocated to elevator, 6
, elevID,6,  pos,-1,  cmd, stop,-1
263.0,Elev,6,  arrived at src, -1, Elevator call,257.7974435,-1,0,2,6
263.0, elevID,6,  pos,-1,  cmd, goto,-2
269.0,Elev,3,  arrived at src, 0, Elevator call,251.2359335,0,9,2,3
269.0, elevID,3,  pos,0,  cmd, goto,9
274.0,Elev,6,  arrived at dest, -2, this call is done!, Elevator call,251.1044469,-1,-2,3,6, Done, dt, 22.8955531
274.0, elevID,6,  pos,-2,  cmd, goto,0
281.0,Elev,3,  arrived at dest, 9, this call is done!, Elevator call,251.2359335,0,9,3,3, Done, dt, 29.764066500000013
286.0,Elev,6,  arrived at dest, 0, this call is done!, Elevator call,231.5157882,-1,0,3,6, Done, dt, 54.4842118
286.0,Elev,6,  arrived at dest, 0, this call is done!, Elevator call,257.7974435,-1,0,3,6, Done, dt, 28.202556500000014
286.0, elevID,6,  pos,0,  cmd, goto,3
296.0,Elevator call,295.7943357,0,1,1,7, got allocated to elevator, 7
296.0, elevID,7,  pos,-2,  cmd, goto,0
298.0,Elev,6,  arrived at src, 3, Elevator call,254.6977153,3,4,2,6
298.0, elevID,6,  pos,3,  cmd, goto,4
302.0,Elev,7,  arrived at src, 0, Elevator call,295.7943357,0,1,2,7
302.0, elevID,7,  pos,0,  cmd, goto,1
305.0,Elevator call,304.9984388,6,0,1,8, got allocated to elevator, 8
305.0, elevID,8,  pos,0,  cmd, goto,6
308.0,Elev,7,  arrived at dest, 1, this call is done!, Elevator call,295.7943357,0,1,3,7, Done, dt, 12.205664300000024
309.0,Elev,6,  arrived at dest, 4, this call is done!, Elevator call,254.6977153,3,4,3,6, Done, dt, 54.3022847
310.0,Elevator call,309.3005383,0,-1,1,8, got allocated to elevator, 8
312.0,Elev,8,  arrived at src, 6, Elevator call,304.9984388,6,0,2,8
312.0, elevID,8,  pos,6,  cmd, goto,0
313.0,Elevator call,312.3018556,0,-1,1,1, got allocated to elevator, 1
313.0, elevID,1,  pos,6,  cmd, goto,0
317.0,Elevator call,316.0323783,0,-1,1,1, got allocated to elevator, 1
319.0,Elev,8,  arrived at dest, 0, this call is done!, Elevator call,304.9984388,6,0,3,8, Done, dt, 14.001561200000026
319.0,Elev,8,  arrived at src, 0, Elevator call,309.3005383,0,-1,2,8
319.0, elevID,8,  pos,0,  cmd, goto,-1
320.0,Elevator call,319.905202,6,5,1,1, got allocated to elevator, 1
321.0,Elevator call,320.9760749,-1,0,1,1, got allocated to elevator, 1
321.0,Elev,1,  arrived at src, 0, Elevator call,312.3018556,0,-1,2,1
321.0,Elev,1,  arrived at src, 0, Elevator call,316.0323783,0,-1,2,1
321.0, elevID,1,  pos,0,  cmd, goto,-1
322.0,Elevator call,321.370409,7,-1,1,1, got allocated to elevator, 1
325.0,Elev,8,  arrived at dest, -1, this call is done!, Elevator call,309.3005383,0,-1,3,8, Done, dt, 15.699461699999972
329.0,Elev,1,  arrived at dest, -1, this call is done!, Elevator call,312.3018556,0,-1,3,1, Done, dt, 16.69814439999999
329.0,Elev,1,  arrived at dest, -1, this call is done!, Elevator call,316.0323783,0,-1,3,1, Done, dt, 12.967621699999995
329.0,Elev,1,  arrived at src, -1, Elevator call,320.9760749,-1,0,2,1
329.0, elevID,1,  pos,-1,  cmd, goto,0
333.0,Elevator call,332.4267319,0,10,1,8, got allocated to elevator, 8
333.0, elevID,8,  pos,-1,  cmd, goto,0
337.0,Elevator call,336.9304305,-1,0,1,8, got allocated to elevator, 8
337.0,Elev,1,  arrived at dest, 0, this call is done!, Elevator call,320.9760749,-1,0,3,1, Done, dt, 16.023925099999985
337.0, elevID,1,  pos,0,  cmd, goto,6
339.0,Elev,8,  arrived at src, 0, Elevator call,332.4267319,0,10,2,8
339.0, elevID,8,  pos,0,  cmd, goto,10
345.0,Elev,1,  arrived at src, 6, Elevator call,319.905202,6,5,2,1
345.0, elevID,1,  pos,6,  cmd, goto,7
346.0,Elev,8,  arrived at dest, 10, this call is done!, Elevator call,332.4267319,0,10,3,8, Done, dt, 13.573268100000007
346.0, elevID,8,  pos,10,  cmd, goto,-1
353.0,Elev,1,  arrived at src, 7, Elevator call,321.370409,7,-1,2,1
353.0, elevID,1,  pos,7,  cmd, goto,5
353.0,Elev,8,  arrived at src, -1, Elevator call,336.9304305,-1,0,2,8
353.0, elevID,8,  pos,-1,  cmd, goto,0
359.0,Elev,8,  arrived at dest, 0, this call is done!, Elevator call,336.9304305,-1,0,3,8, Done, dt, 22.0695695
361.0,Elev,1,  arrived at dest, 5, this call is done!, Elevator call,319.905202,6,5,3,1, Done, dt, 41.094798000000026
361.0, elevID,1,  pos,5,  cmd, goto,-1
369.0,Elev,1,  arrived at dest, -1, this call is done!, Elevator call,321.370409,7,-1,3,1, Done, dt, 47.629591000000005
376.0,Elevator call,375.490481,1,0,1,8, got allocated to elevator, 8
376.0, elevID,8,  pos,0,  cmd, goto,1
382.0,Elev,8,  arrived at src, 1, Elevator call,375.490481,1,0,2,8
382.0, elevID,8,  pos,1,  cmd, goto,0
388.0,Elev,8,  arrived at dest, 0, this call is done!, Elevator call,375.490481,1,0,3,8, Done, dt, 12.509519000000012
393.0,Elevator call,392.5160765,0,5,1,8, got allocated to elevator, 8
393.0,Elev,8,  arrived at src, 0, Elevator call,392.5160765,0,5,2,8
393.0, elevID,8,  pos,0,  cmd, goto,5
400.0,Elev,8,  arrived at dest, 5, this call is done!, Elevator call,392.5160765,0,5,3,8, Done, dt, 7.483923500000003
406.0,Elevator call,405.1821141,-1,10,1,8, got allocated to elevator, 8
406.0, elevID,8,  pos,5,  cmd, goto,-1
413.0,Elev,8,  arrived at src, -1, Elevator call,405.1821141,-1,10,2,8
413.0, elevID,8,  pos,-1,  cmd, goto,10
420.0,Elev,8,  arrived at dest, 10, this call is done!, Elevator call,405.1821141,-1,10,3,8, Done, dt, 14.817885900000022
427.0,Elevator call,426.8615805,2,0,1,2, got allocated to elevator, 2
427.0, elevID,2,  pos,4,  cmd, goto,2
438.0,Elevator call,437.1711158,1,0,1,5, got allocated to elevator, 5
438.0,Elev,2,  arrived at src, 2, Elevator call,426.8615805,2,0,2,2
438.0, elevID,2,  pos,2,  cmd, goto,0
438.0, elevID,5,  pos,-1,  cmd, goto,1
449.0,Elev,2,  arrived at dest, 0, this call is done!, Elevator call,426.8615805,2,0,3,2, Done, dt, 22.138419499999998
449.0,Elev,5,  arrived at src, 1, Elevator call,437.1711158,1,0,2,5
449.0, elevID,5,  pos,1,  cmd, goto,0
460.0,Elev,5,  arrived at dest, 0, this call is done!, Elevator call,437.1711158,1,0,3,5, Done, dt, 22.828884200000005
473.0,Elevator call,472.7445474,10,-1,1,3, got allocated to elevator, 3
473.0, elevID,3,  pos,9,  cmd, goto,10
484.0,Elev,3,  arrived at src, 10, Elevator call,472.7445474,10,-1,2,3
484.0, elevID,3,  pos,10,  cmd, goto,-1
497.0,Elev,3,  arrived at dest, -1, this call is done!, Elevator call,472.7445474,10,-1,3,3, Done, dt, 24.255452600000012
501.0,Elevator call,500.3712045,8,-1,1,4, got allocated to elevator, 4
501.0,Elev,4,  arrived at src, 8, Elevator call,500.3712045,8,-1,2,4
501.0, elevID,4,  pos,8,  cmd, goto,-1
504.0,Elevator call,503.1384784,1,-1,1,9, got allocated to elevator, 9
504.0, elevID,9,  pos,0,  cmd, goto,1
505.0,Elevator call,504.4317942,0,-1,1,6, got allocated to elevator, 6
505.0, elevID,6,  pos,4,  cmd, goto,0
514.0,Elev,4,  arrived at dest, -1, this call is done!, Elevator call,500.3712045,8,-1,3,4, Done, dt, 13.628795500000024
515.0,Elev,9,  arrived at src, 1, Elevator call,503.1384784,1,-1,2,9
515.0, elevID,9,  pos,1,  cmd, goto,-1
518.0,Elev,6,  arrived at src, 0, Elevator call,504.4317942,0,-1,2,6
518.0, elevID,6,  pos,0,  cmd, goto,-1
526.0,Elev,9,  arrived at dest, -1, this call is done!, Elevator call,503.1384784,1,-1,3,9, Done, dt, 22.861521600000003
529.0,Elev,6,  arrived at dest, -1, this call is done!, Elevator call,504.4317942,0,-1,3,6, Done, dt, 24.568205799999987
530.0,Elevator call,529.6277472,3,-1,1,4, got allocated to elevator, 4
530.0, elevID,4,  pos,-1,  cmd, goto,3
538.0,Elevator call,537.7866884,-1,6,1,4, got allocated to elevator, 4
542.0,Elev,4,  arrived at src, 3, Elevator call,529.6277472,3,-1,2,4
542.0, elevID,4,  pos,3,  cmd, goto,-1
545.0,Elevator call,544.7880392,6,-1,1,9, got allocated to elevator, 9
545.0, elevID,9,  pos,-1,  cmd, goto,6
554.0,Elev,4,  arrived at dest, -1, this call is done!, Elevator call,529.6277472,3,-1,3,4, Done, dt, 24.372252799999956
554.0,Elev,4,  arrived at src, -1, Elevator call,537.7866884,-1,6,2,4
554.0, elevID,4,  pos,-1,  cmd, goto,6
555.0,Elevator call,554.0892923,4,0,1,9, got allocated to elevator, 9
558.0,Elevator call,557.244139,10,0,1,9, got allocated to elevator, 9
559.0,Elev,9,  arrived at src, 6, Elevator call,544.7880392,6,-1,2,9
559.0, elevID,9,  pos,6,  cmd, goto,10
566.0,Elevator call,565.0195522,0,-1,1,4, got allocated to elevator, 4
567.0,Elev,4,  arrived at dest, 6, this call is done!, Elevator call,537.7866884,-1,6,3,4, Done, dt, 29.213311599999997
567.0, elevID,4,  pos,6,  cmd, goto,0
571.0,Elev,9,  arrived at src, 10, Elevator call,557.244139,10,0,2,9
571.0, elevID,9,  pos,10,  cmd, goto,4
579.0,Elev,4,  arrived at src, 0, Elevator call,565.0195522,0,-1,2,4
579.0, elevID,4,  pos,0,  cmd, goto,-1
582.0,Elevator call,581.870309,0,3,1,9, got allocated to elevator, 9
584.0,Elev,9,  arrived at src, 4, Elevator call,554.0892923,4,0,2,9
584.0, elevID,9,  pos,4,  cmd, goto,0
590.0,Elev,4,  arrived at dest, -1, this call is done!, Elevator call,565.0195522,0,-1,3,4, Done, dt, 24.98044779999998
596.0,Elev,9,  arrived at dest, 0, this call is done!, Elevator call,554.0892923,4,0,3,9, Done, dt, 41.91070769999999
596.0,Elev,9,  arrived at dest, 0, this call is done!, Elevator call,557.244139,10,0,3,9, Done, dt, 38.75586099999998
596.0,Elev,9,  arrived at src, 0, Elevator call,581.870309,0,3,2,9
596.0, elevID,9,  pos,0,  cmd, goto,-1
597.0,Elevator call,596.1232023,8,0,1,4, got allocated to elevator, 4
597.0, elevID,4,  pos,-1,  cmd, goto,8
601.0,Elevator call,600.931288,1,0,1,4, got allocated to elevator, 4
601.0, elevID,4,  pos,-1,  cmd, stop,1
604.0,Elevator call,603.9342327,7,0,1,4, got allocated to elevator, 4
607.0,Elev,9,  arrived at dest, -1, this call is done!, Elevator call,544.7880392,6,-1,3,9, Done, dt, 62.21196080000004
607.0, elevID,9,  pos,-1,  cmd, goto,3
608.0,Elev,4,  arrived at src, 1, Elevator call,600.931288,1,0,2,4
608.0, elevID,4,  pos,1,  cmd, goto,7
618.0,Elevator call,617.9628339,0,3,1,4, got allocated to elevator, 4
619.0,Elev,9,  arrived at dest, 3, this call is done!, Elevator call,581.870309,0,3,3,9, Done, dt, 37.12969099999998
620.0,Elevator call,619.6454197,9,0,1,9, got allocated to elevator, 9
620.0,Elev,4,  arrived at src, 7, Elevator call,603.9342327,7,0,2,4
620.0, elevID,4,  pos,7,  cmd, goto,8
620.0, elevID,9,  pos,3,  cmd, goto,9
627.0,Elevator call,626.2116172,0,1,1,4, got allocated to elevator, 4
631.0,Elev,4,  arrived at src, 8, Elevator call,596.1232023,8,0,2,4
631.0, elevID,4,  pos,8,  cmd, goto,0
633.0,Elev,9,  arrived at src, 9, Elevator call,619.6454197,9,0,2,9
633.0, elevID,9,  pos,9,  cmd, goto,0
644.0,Elevator call,643.8547515,-1,2,1,9, got allocated to elevator, 9
644.0,Elev,4,  arrived at dest, 0, this call is done!, Elevator call,596.1232023,8,0,3,4, Done, dt, 47.8767977
644.0,Elev,4,  arrived at dest, 0, this call is done!, Elevator call,600.931288,1,0,3,4, Done, dt, 43.068712000000005
644.0,Elev,4,  arrived at dest, 0, this call is done!, Elevator call,603.9342327,7,0,3,4, Done, dt, 40.06576729999995
644.0,Elev,4,  arrived at src, 0, Elevator call,617.9628339,0,3,2,4
644.0,Elev,4,  arrived at src, 0, Elevator call,626.2116172,0,1,2,4
644.0, elevID,4,  pos,0,  cmd, goto,1
648.0,Elev,9,  arrived at dest, 0, this call is done!, Elevator call,619.6454197,9,0,3,9, Done, dt, 28.354580299999952
648.0, elevID,9,  pos,0,  cmd, goto,-1
655.0,Elev,4,  arrived at dest, 1, this call is done!, Elevator call,626.2116172,0,1,3,4, Done, dt, 28.788382800000022
655.0, elevID,4,  pos,1,  cmd, goto,3
659.0,Elev,9,  arrived at src, -1, Elevator call,643.8547515,-1,2,2,9
659.0, elevID,9,  pos,-1,  cmd, goto,2
661.0,Elevator call,660.0732908,6,10,1,4, got allocated to elevator, 4
662.0,Elevator call,661.042082,-1,3,1,9, got allocated to elevator, 9
662.0, elevID,9,  pos,-1,  cmd, stop,-1
663.0,Elevator call,662.1730528,-1,5,1,4, got allocated to elevator, 4
666.0,Elevator call,665.1155549,-1,8,1,9, got allocated to elevator, 9
666.0,Elev,4,  arrived at dest, 3, this call is done!, Elevator call,617.9628339,0,3,3,4, Done, dt, 48.037166100000036
666.0, elevID,4,  pos,3,  cmd, goto,6
667.0,Elevator call,666.0340295,4,0,1,9, got allocated to elevator, 9
667.0,Elevator call,666.2411587,5,-1,1,9, got allocated to elevator, 9
669.0,Elev,9,  arrived at src, -1, Elevator call,661.042082,-1,3,2,9
669.0,Elev,9,  arrived at src, -1, Elevator call,665.1155549,-1,8,2,9
669.0, elevID,9,  pos,-1,  cmd, goto,2
673.0,Elevator call,672.6773142,0,-1,1,9, got allocated to elevator, 9
673.0, elevID,9,  pos,-1,  cmd, stop,0
677.0,Elev,4,  arrived at src, 6, Elevator call,660.0732908,6,10,2,4
677.0, elevID,4,  pos,6,  cmd, goto,10
678.0,Elevator call,677.7341948,0,-1,1,9, got allocated to elevator, 9
679.0,Elevator call,678.9953585,-1,-2,1,9, got allocated to elevator, 9
680.0,Elev,9,  arrived at src, 0, Elevator call,672.6773142,0,-1,2,9
680.0,Elev,9,  arrived at src, 0, Elevator call,677.7341948,0,-1,2,9
680.0, elevID,9,  pos,0,  cmd, goto,2
689.0,Elev,4,  arrived at dest, 10, this call is done!, Elevator call,660.0732908,6,10,3,4, Done, dt, 28.926709200000005
689.0, elevID,4,  pos,10,  cmd, goto,-1
691.0,Elev,9,  arrived at dest, 2, this call is done!, Elevator call,643.8547515,-1,2,3,9, Done, dt, 47.14524849999998
691.0, elevID,9,  pos,2,  cmd, goto,3
696.0,Elevator call,695.2239882,0,10,1,4, got allocated to elevator, 4
, elevID,4,  pos,4,  cmd, stop,0
702.0,Elev,9,  arrived at dest, 3, this call is done!, Elevator call,661.042082,-1,3,3,9, Done, dt, 40.95791799999995
702.0, elevID,9,  pos,3,  cmd, goto,4
703.0,Elev,4,  arrived at src, 0, Elevator call,695.2239882,0,10,2,4
703.0, elevID,4,  pos,0,  cmd, goto,-1
707.0,Elevator call,706.1583475,-1,-2,1,9, got allocated to elevator, 9
711.0,Elevator call,710.324977,0,1,1,9, got allocated to elevator, 9
713.0,Elev,9,  arrived at src, 4, Elevator call,666.0340295,4,0,2,9
713.0, elevID,9,  pos,4,  cmd, goto,5
714.0,Elevator call,713.0191971,1,0,1,9, got allocated to elevator, 9
714.0,Elevator call,713.2499766,10,-1,1,4, got allocated to elevator, 4
714.0,Elev,4,  arrived at src, -1, Elevator call,662.1730528,-1,5,2,4
714.0, elevID,4,  pos,-1,  cmd, goto,5
723.0,Elevator call,722.6161213,10,0,1,9, got allocated to elevator, 9
724.0,Elev,9,  arrived at src, 5, Elevator call,666.2411587,5,-1,2,9
724.0, elevID,9,  pos,5,  cmd, goto,8
726.0,Elev,4,  arrived at dest, 5, this call is done!, Elevator call,662.1730528,-1,5,3,4, Done, dt, 63.82694719999995
726.0, elevID,4,  pos,5,  cmd, goto,10
728.0,Elevator call,727.5146029,-1,0,1,9, got allocated to elevator, 9
733.0,Elevator call,732.9746341,6,-1,1,4, got allocated to elevator, 4
736.0,Elev,9,  arrived at dest, 8, this call is done!, Elevator call,665.1155549,-1,8,3,9, Done, dt, 70.8844451
736.0, elevID,9,  pos,8,  cmd, goto,10
738.0,Elevator call,737.3147202,1,0,1,9, got allocated to elevator, 9
738.0,Elev,4,  arrived at dest, 10, this call is done!, Elevator call,695.2239882,0,10,3,4, Done, dt, 42.77601179999999
738.0,Elev,4,  arrived at src, 10, Elevator call,713.2499766,10,-1,2,4
738.0, elevID,4,  pos,10,  cmd, goto,6
747.0,Elev,9,  arrived at src, 10, Elevator call,722.6161213,10,0,2,9
747.0, elevID,9,  pos,10,  cmd, goto,1
750.0,Elev,4,  arrived at src, 6, Elevator call,732.9746341,6,-1,2,4
750.0, elevID,4,  pos,6,  cmd, goto,-1
762.0,Elev,9,  arrived at src, 1, Elevator call,713.0191971,1,0,2,9
762.0,Elev,9,  arrived at src, 1, Elevator call,737.3147202,1,0,2,9
762.0, elevID,9,  pos,1,  cmd, goto,0
763.0,Elev,4,  arrived at dest, -1, this call is done!, Elevator call,713.2499766,10,-1,3,4, Done, dt, 49.75002340000003
763.0,Elev,4,  arrived at dest, -1, this call is done!, Elevator call,732.9746341,6,-1,3,4, Done, dt, 30.025365899999997
773.0,Elev,9,  arrived at dest, 0, this call is done!, Elevator call,666.0340295,4,0,3,9, Done, dt, 106.96597050000003
773.0,Elev,9,  arrived at src, 0, Elevator call,710.324977,0,1,2,9
773.0,Elev,9,  arrived at dest, 0, this call is done!, Elevator call,713.0191971,1,0,3,9, Done, dt, 59.98080289999996
773.0,Elev,9,  arrived at dest, 0, this call is done!, Elevator call,722.6161213,10,0,3,9, Done, dt, 50.38387869999997
773.0,Elev,9,  arrived at dest, 0, this call is done!, Elevator call,737.3147202,1,0,3,9, Done, dt, 35.68527979999999
773.0, elevID,9,  pos,0,  cmd, goto,-1
780.0,Elevator call,779.3996914,-1,5,1,4, got allocated to elevator, 4
780.0,Elev,4,  arrived at src, -1, Elevator call,779.3996914,-1,5,2,4
780.0, elevID,4,  pos,-1,  cmd, goto,5
784.0,Elev,9,  arrived at dest, -1, this call is done!, Elevator call,666.2411587,5,-1,3,9, Done, dt, 117.75884129999997
784.0,Elev,9,  arrived at dest, -1, this call is done!, Elevator call,672.6773142,0,-1,3,9, Done, dt, 111.32268580000004
784.0,Elev,9,  arrived at dest, -1, this call is done!, Elevator call,677.7341948,0,-1,3,9, Done, dt, 106.26580520000005
784.0,Elev,9,  arrived at src, -1, Elevator call,678.9953585,-1,-2,2,9
784.0,Elev,9,  arrived at src, -1, Elevator call,706.1583475,-1,-2,2,9
784.0,Elev,9,  arrived at src, -1, Elevator call,727.5146029,-1,0,2,9
784.0, elevID,9,  pos,-1,  cmd, goto,-2
792.0,Elev,4,  arrived at dest, 5, this call is done!, Elevator call,779.3996914,-1,5,3,4, Done, dt, 12.600308599999948
795.0,Elev,9,  arrived at dest, -2, this call is done!, Elevator call,678.9953585,-1,-2,3,9, Done, dt, 116.00464150000005
795.0,Elev,9,  arrived at dest, -2, this call is done!, Elevator call,706.1583475,-1,-2,3,9, Done, dt, 88.84165250000001
795.0, elevID,9,  pos,-2,  cmd, goto,0
806.0,Elevator call,805.6754743,-1,-2,1,9, got allocated to elevator, 9
806.0,Elev,9,  arrived at dest, 0, this call is done!, Elevator call,727.5146029,-1,0,3,9, Done, dt, 78.4853971
806.0, elevID,9,  pos,0,  cmd, goto,1
811.0,Elevator call,810.4469089,2,0,1,4, got allocated to elevator, 4
811.0, elevID,4,  pos,5,  cmd, goto,2
817.0,Elevator call,816.1516998,7,-1,1,9, got allocated to elevator, 9
817.0,Elev,9,  arrived at dest, 1, this call is done!, Elevator call,710.324977,0,1,3,9, Done, dt, 106.67502300000001
817.0, elevID,9,  pos,1,  cmd, goto,7
822.0,Elev,4,  arrived at src, 2, Elevator call,810.4469089,2,0,2,4
822.0, elevID,4,  pos,2,  cmd, goto,0
826.0,Elevator call,825.4575185,7,0,1,9, got allocated to elevator, 9
830.0,Elev,9,  arrived at src, 7, Elevator call,816.1516998,7,-1,2,9
830.0,Elev,9,  arrived at src, 7, Elevator call,825.4575185,7,0,2,9
830.0, elevID,9,  pos,7,  cmd, goto,0
833.0,Elev,4,  arrived at dest, 0, this call is done!, Elevator call,810.4469089,2,0,3,4, Done, dt, 22.55309109999996
840.0,Elevator call,839.8525653,0,1,1,4, got allocated to elevator, 4
840.0,Elev,4,  arrived at src, 0, Elevator call,839.8525653,0,1,2,4
840.0, elevID,4,  pos,0,  cmd, goto,1
844.0,Elev,9,  arrived at dest, 0, this call is done!, Elevator call,825.4575185,7,0,3,9, Done, dt, 18.542481500000008
844.0, elevID,9,  pos,0,  cmd, goto,-1
851.0,Elev,4,  arrived at dest, 1, this call is done!, Elevator call,839.8525653,0,1,3,4, Done, dt, 11.147434699999963
855.0,Elevator call,854.2002278,6,-1,1,9, got allocated to elevator, 9
855.0,Elev,9,  arrived at src, -1, Elevator call,805.6754743,-1,-2,2,9
855.0,Elev,9,  arrived at dest, -1, this call is done!, Elevator call,816.1516998,7,-1,3,9, Done, dt, 38.84830020000004
855.0, elevID,9,  pos,-1,  cmd, goto,-2
864.0,Elevator call,863.8932913,0,-1,1,9, got allocated to elevator, 9
866.0,Elev,9,  arrived at dest, -2, this call is done!, Elevator call,805.6754743,-1,-2,3,9, Done, dt, 60.32452569999998
866.0, elevID,9,  pos,-2,  cmd, goto,0
871.0,Elevator call,870.5053024,0,7,1,9, got allocated to elevator, 9
877.0,Elev,9,  arrived at src, 0, Elevator call,863.8932913,0,-1,2,9
877.0,Elev,9,  arrived at src, 0, Elevator call,870.5053024,0,7,2,9
877.0, elevID,9,  pos,0,  cmd, goto,6
887.0,Elevator call,886.5649993,-1,-2,1,9, got allocated to elevator, 9
890.0,Elev,9,  arrived at src, 6, Elevator call,854.2002278,6,-1,2,9
890.0, elevID,9,  pos,6,  cmd, goto,7
893.0,Elevator call,892.5212151,9,-1,1,9, got allocated to elevator, 9
901.0,Elev,9,  arrived at dest, 7, this call is done!, Elevator call,870.5053024,0,7,3,9, Done, dt, 30.494697599999995
901.0, elevID,9,  pos,7,  cmd, goto,9
911.0,Elevator call,910.5388559,6,5,1,9, got allocated to elevator, 9
912.0,Elev,9,  arrived at src, 9, Elevator call,892.5212151,9,-1,2,9
912.0, elevID,9,  pos,9,  cmd, goto,6
916.0,Elevator call,915.9490575,4,-1,1,9, got allocated to elevator, 9
924.0,Elev,9,  arrived at src, 6, Elevator call,910.5388559,6,5,2,9
924.0, elevID,9,  pos,6,  cmd, goto,5
934.0,Elevator call,933.8580452,7,5,1,9, got allocated to elevator, 9
935.0,Elev,9,  arrived at dest, 5, this call is done!, Elevator call,910.5388559,6,5,3,9, Done, dt, 24.461144099999956
935.0, elevID,9,  pos,5,  cmd, goto,4
946.0,Elev,9,  arrived at src, 4, Elevator call,915.9490575,4,-1,2,9
946.0, elevID,9,  pos,4,  cmd, goto,-1
959.0,Elev,9,  arrived at dest, -1, this call is done!, Elevator call,854.2002278,6,-1,3,9, Done, dt, 104.7997722
959.0,Elev,9,  arrived at dest, -1, this call is done!, Elevator call,863.8932913,0,-1,3,9, Done, dt, 95.10670870000001
959.0,Elev,9,  arrived at src, -1, Elevator call,886.5649993,-1,-2,2,9
959.0,Elev,9,  arrived at dest, -1, this call is done!, Elevator call,892.5212151,9,-1,3,9, Done, dt, 66.47878490000005
959.0,Elev,9,  arrived at dest, -1, this call is done!, Elevator call,915.9490575,4,-1,3,9, Done, dt, 43.05094250000002
959.0, elevID,9,  pos,-1,  cmd, goto,-2
962.0,Elevator call,961.6862856,6,-1,1,4, got allocated to elevator, 4
962.0, elevID,4,  pos,1,  cmd, goto,6
970.0,Elev,9,  arrived at dest, -2, this call is done!, Elevator call,886.5649993,-1,-2,3,9, Done, dt, 83.43500070000005
970.0, elevID,9,  pos,-2,  cmd, goto,7
973.0,Elevator call,972.8032126,1,0,1,9, got allocated to elevator, 9
973.0, elevID,9,  pos,-2,  cmd, stop,1
974.0,Elev,4,  arrived at src, 6, Elevator call,961.6862856,6,-1,2,4
974.0, elevID,4,  pos,6,  cmd, goto,-1
976.0,Elevator call,975.8361203,0,-1,1,9, got allocated to elevator, 9
976.0, elevID,9,  pos,0,  cmd, stop,0
979.0,Elevator call,978.5925149,10,0,1,6, got allocated to elevator, 6
979.0,Elevator call,978.6210501,10,-1,1,6, got allocated to elevator, 6
979.0, elevID,6,  pos,-1,  cmd, goto,10
981.0,Elev,9,  arrived at src, 0, Elevator call,975.8361203,0,-1,2,9
981.0, elevID,9,  pos,0,  cmd, goto,1
985.0,Elevator call,984.1840186,7,0,1,6, got allocated to elevator, 6
985.0, elevID,6,  pos,0,  cmd, stop,7
987.0,Elev,4,  arrived at dest, -1, this call is done!, Elevator call,961.6862856,6,-1,3,4, Done, dt, 25.31371439999998
992.0,Elev,9,  arrived at src, 1, Elevator call,972.8032126,1,0,2,9
992.0, elevID,9,  pos,1,  cmd, goto,7
995.0,Elev,6,  arrived at src, 7, Elevator call,984.1840186,7,0,2,6
995.0, elevID,6,  pos,7,  cmd, goto,10
1005.0,Elev,9,  arrived at src, 7, Elevator call,933.8580452,7,5,2,9
1005.0, elevID,9,  pos,7,  cmd, goto,5
1007.0,Elev,6,  arrived at src, 10, Elevator call,978.5925149,10,0,2,6
1007.0,Elev,6,  arrived at src, 10, Elevator call,978.6210501,10,-1,2,6
1007.0, elevID,6,  pos,10,  cmd, goto,0
1016.0,Elev,9,  arrived at dest, 5, this call is done!, Elevator call,933.8580452,7,5,3,9, Done, dt, 82.14195480000001
1016.0, elevID,9,  pos,5,  cmd, goto,0
1024.0,Elev,6,  arrived at dest, 0, this call is done!, Elevator call,978.5925149,10,0,3,6, Done, dt, 45.40748510000003
1024.0,Elev,6,  arrived at dest, 0, this call is done!, Elevator call,984.1840186,7,0,3,6, Done, dt, 39.815981400000055
1024.0, elevID,6,  pos,0,  cmd, goto,-1
1029.0,Elev,9,  arrived at dest, 0, this call is done!, Elevator call,972.8032126,1,0,3,9, Done, dt, 56.19678739999995
1029.0, elevID,9,  pos,0,  cmd, goto,-1
1035.0,Elev,6,  arrived at dest, -1, this call is done!, Elevator call,978.6210501,10,-1,3,6, Done, dt, 56.37894989999995
1040.0,Elev,9,  arrived at dest, -1, this call is done!, Elevator call,975.8361203,0,-1,3,9, Done, dt, 64.16387970000005
1041.0,************* Simulation Ended ************
Code Owners,209632009,212343461,  Building_file,Ex1_input/Ex1_Buildings/B5.json,  Calls,output/csv/Result_B5_a.csv
Total waiting time: 3938.0,  average waiting time per call: 39.38,  unCompleted calls,0,  certificate, -257188096
