Ex1 (OOP) Simulator log: stage Ex1_input/Ex1_Buildings/B3.json,  output/csv/Result_B3_a.csv
0.0,OOP_Ex1_Elevator_Simulator
0.0,Simulated Building, Building [-10,100]
0) ex1.Elevator_A, Elev_, id,0,  speed, 3.0, open: 2.0,  start: 3.0, close: 2.0,  stop: 3.0
1) ex1.Elevator_A, Elev_, id,1,  speed, 7.0, open: 1.4285714285714286,  start: 2.142857142857143, close: 1.4285714285714286,  stop: 2.142857142857143

0.0,Simulated Period starTime,0.0,  endTime,1104.1840186,  dt,1.0
0.0,Simulated  calls,Elevator log, size: 100
0.0,**** Simulation starts!! ****
5.0,Elevator call,4.37472729,0,-1,1,1, got allocated to elevator, 1
5.0,Elev,1,  arrived at src, 0, Elevator call,4.37472729,0,-1,2,1
5.0, elevID,1,  pos,0,  cmd, goto,-1
13.0,Elev,1,  arrived at dest, -1, this call is done!, Elevator call,4.37472729,0,-1,3,1, Done, dt, 8.62527271
17.0,Elevator call,16.95788289,-1,0,1,1, got allocated to elevator, 1
17.0,Elev,1,  arrived at src, -1, Elevator call,16.95788289,-1,0,2,1
17.0, elevID,1,  pos,-1,  cmd, goto,0
23.0,Elevator call,22.0940563,0,-1,1,1, got allocated to elevator, 1
25.0,Elev,1,  arrived at dest, 0, this call is done!, Elevator call,16.95788289,-1,0,3,1, Done, dt, 8.04211711
25.0,Elev,1,  arrived at src, 0, Elevator call,22.0940563,0,-1,2,1
25.0, elevID,1,  pos,0,  cmd, goto,-1
33.0,Elev,1,  arrived at dest, -1, this call is done!, Elevator call,22.0940563,0,-1,3,1, Done, dt, 10.905943700000002
86.0,Elevator call,85.52096662,3,2,1,0, got allocated to elevator, 0
86.0, elevID,0,  pos,0,  cmd, goto,3
92.0,Elevator call,91.21019413,-1,-2,1,0, got allocated to elevator, 0
97.0,Elev,0,  arrived at src, 3, Elevator call,85.52096662,3,2,2,0
97.0, elevID,0,  pos,3,  cmd, goto,2
105.0,Elevator call,104.1370124,0,4,1,0, got allocated to elevator, 0
108.0,Elev,0,  arrived at dest, 2, this call is done!, Elevator call,85.52096662,3,2,3,0, Done, dt, 22.479033380000004
108.0, elevID,0,  pos,2,  cmd, goto,0
110.0,Elevator call,109.2135291,-1,0,1,1, got allocated to elevator, 1
110.0,Elev,1,  arrived at src, -1, Elevator call,109.2135291,-1,0,2,1
110.0, elevID,1,  pos,-1,  cmd, goto,0
115.0,Elevator call,114.392351,3,0,1,1, got allocated to elevator, 1
118.0,Elev,1,  arrived at dest, 0, this call is done!, Elevator call,109.2135291,-1,0,3,1, Done, dt, 8.786470899999998
118.0, elevID,1,  pos,0,  cmd, goto,3
119.0,Elev,0,  arrived at src, 0, Elevator call,104.1370124,0,4,2,0
119.0, elevID,0,  pos,0,  cmd, goto,-1
125.0,Elevator call,124.425571,0,9,1,1, got allocated to elevator, 1
126.0,Elev,1,  arrived at src, 3, Elevator call,114.392351,3,0,2,1
126.0, elevID,1,  pos,3,  cmd, goto,0
130.0,Elev,0,  arrived at src, -1, Elevator call,91.21019413,-1,-2,2,0
130.0, elevID,0,  pos,-1,  cmd, goto,-2
131.0,Elevator call,130.0249568,8,10,1,1, got allocated to elevator, 1
131.0,Elevator call,130.2249113,-1,1,1,1, got allocated to elevator, 1
134.0,Elev,1,  arrived at dest, 0, this call is done!, Elevator call,114.392351,3,0,3,1, Done, dt, 19.607648999999995
134.0,Elev,1,  arrived at src, 0, Elevator call,124.425571,0,9,2,1
134.0, elevID,1,  pos,0,  cmd, goto,-1
138.0,Elevator call,137.9515274,0,4,1,1, got allocated to elevator, 1
141.0,Elev,0,  arrived at dest, -2, this call is done!, Elevator call,91.21019413,-1,-2,3,0, Done, dt, 49.789805869999995
141.0, elevID,0,  pos,-2,  cmd, goto,4
142.0,Elev,1,  arrived at src, -1, Elevator call,130.2249113,-1,1,2,1
142.0, elevID,1,  pos,-1,  cmd, goto,0
144.0,Elevator call,143.9133584,0,6,1,1, got allocated to elevator, 1
150.0,Elev,1,  arrived at src, 0, Elevator call,137.9515274,0,4,2,1
150.0,Elev,1,  arrived at src, 0, Elevator call,143.9133584,0,6,2,1
150.0, elevID,1,  pos,0,  cmd, goto,1
153.0,Elev,0,  arrived at dest, 4, this call is done!, Elevator call,104.1370124,0,4,3,0, Done, dt, 48.8629876
158.0,Elev,1,  arrived at dest, 1, this call is done!, Elevator call,130.2249113,-1,1,3,1, Done, dt, 27.775088699999998
158.0, elevID,1,  pos,1,  cmd, goto,4
166.0,Elev,1,  arrived at dest, 4, this call is done!, Elevator call,137.9515274,0,4,3,1, Done, dt, 28.048472599999997
166.0, elevID,1,  pos,4,  cmd, goto,6
170.0,Elevator call,169.7845834,-1,0,1,0, got allocated to elevator, 0
170.0, elevID,0,  pos,4,  cmd, goto,-1
171.0,Elevator call,170.0099621,0,6,1,0, got allocated to elevator, 0
, elevID,0,  pos,4,  cmd, stop,0
172.0,Elevator call,171.2117332,-1,8,1,0, got allocated to elevator, 0
174.0,Elev,1,  arrived at dest, 6, this call is done!, Elevator call,143.9133584,0,6,3,1, Done, dt, 30.086641600000007
174.0, elevID,1,  pos,6,  cmd, goto,8
175.0,Elevator call,174.8438515,0,-1,1,1, got allocated to elevator, 1
182.0,Elev,0,  arrived at src, 0, Elevator call,170.0099621,0,6,2,0
182.0, elevID,0,  pos,0,  cmd, goto,-1
182.0,Elev,1,  arrived at src, 8, Elevator call,130.0249568,8,10,2,1
182.0, elevID,1,  pos,8,  cmd, goto,9
188.0,Elevator call,187.1167862,-1,-2,1,1, got allocated to elevator, 1
188.0,Elevator call,187.7299318,-1,-2,1,0, got allocated to elevator, 0
190.0,Elev,1,  arrived at dest, 9, this call is done!, Elevator call,124.425571,0,9,3,1, Done, dt, 65.574429
190.0, elevID,1,  pos,9,  cmd, goto,10
193.0,Elev,0,  arrived at src, -1, Elevator call,169.7845834,-1,0,2,0
193.0,Elev,0,  arrived at src, -1, Elevator call,171.2117332,-1,8,2,0
193.0,Elev,0,  arrived at src, -1, Elevator call,187.7299318,-1,-2,2,0
193.0, elevID,0,  pos,-1,  cmd, goto,-2
196.0,Elevator call,195.9086965,0,7,1,0, got allocated to elevator, 0
198.0,Elevator call,197.5359191,-1,1,1,1, got allocated to elevator, 1
198.0,Elev,1,  arrived at dest, 10, this call is done!, Elevator call,130.0249568,8,10,3,1, Done, dt, 67.97504319999999
198.0, elevID,1,  pos,10,  cmd, goto,0
204.0,Elev,0,  arrived at dest, -2, this call is done!, Elevator call,187.7299318,-1,-2,3,0, Done, dt, 16.270068199999997
204.0, elevID,0,  pos,-2,  cmd, goto,0
206.0,Elevator call,205.9895199,-1,0,1,1, got allocated to elevator, 1
207.0,Elev,1,  arrived at src, 0, Elevator call,174.8438515,0,-1,2,1
207.0, elevID,1,  pos,0,  cmd, goto,-1
215.0,Elev,0,  arrived at dest, 0, this call is done!, Elevator call,169.7845834,-1,0,3,0, Done, dt, 45.2154166
215.0,Elev,0,  arrived at src, 0, Elevator call,195.9086965,0,7,2,0
215.0, elevID,0,  pos,0,  cmd, goto,6
215.0,Elev,1,  arrived at dest, -1, this call is done!, Elevator call,174.8438515,0,-1,3,1, Done, dt, 40.1561485
215.0,Elev,1,  arrived at src, -1, Elevator call,187.1167862,-1,-2,2,1
215.0,Elev,1,  arrived at src, -1, Elevator call,197.5359191,-1,1,2,1
215.0,Elev,1,  arrived at src, -1, Elevator call,205.9895199,-1,0,2,1
215.0, elevID,1,  pos,-1,  cmd, goto,-2
223.0,Elev,1,  arrived at dest, -2, this call is done!, Elevator call,187.1167862,-1,-2,3,1, Done, dt, 35.88321379999999
223.0, elevID,1,  pos,-2,  cmd, goto,0
227.0,Elev,0,  arrived at dest, 6, this call is done!, Elevator call,170.0099621,0,6,3,0, Done, dt, 56.990037900000004
227.0, elevID,0,  pos,6,  cmd, goto,7
228.0,Elevator call,227.0798305,-1,5,1,1, got allocated to elevator, 1
231.0,Elev,1,  arrived at dest, 0, this call is done!, Elevator call,205.9895199,-1,0,3,1, Done, dt, 25.010480099999995
231.0, elevID,1,  pos,0,  cmd, goto,1
232.0,Elevator call,231.5157882,-1,0,1,0, got allocated to elevator, 0
233.0,Elevator call,232.9504362,0,-1,1,1, got allocated to elevator, 1
233.0, elevID,1,  pos,0,  cmd, stop,0
238.0,Elev,0,  arrived at dest, 7, this call is done!, Elevator call,195.9086965,0,7,3,0, Done, dt, 42.09130350000001
238.0, elevID,0,  pos,7,  cmd, goto,8
239.0,Elev,1,  arrived at src, 0, Elevator call,232.9504362,0,-1,2,1
239.0, elevID,1,  pos,0,  cmd, goto,1
247.0,Elev,1,  arrived at dest, 1, this call is done!, Elevator call,197.5359191,-1,1,3,1, Done, dt, 49.4640809
247.0, elevID,1,  pos,1,  cmd, goto,-1
249.0,Elev,0,  arrived at dest, 8, this call is done!, Elevator call,171.2117332,-1,8,3,0, Done, dt, 77.7882668
249.0, elevID,0,  pos,8,  cmd, goto,-1
252.0,Elevator call,251.1044469,-1,-2,1,1, got allocated to elevator, 1
252.0,Elevator call,251.2359335,0,9,1,1, got allocated to elevator, 1
255.0,Elevator call,254.6977153,3,4,1,0, got allocated to elevator, 0
, elevID,0,  pos,5,  cmd, stop,3
255.0,Elev,1,  arrived at src, -1, Elevator call,227.0798305,-1,5,2,1
255.0,Elev,1,  arrived at dest, -1, this call is done!, Elevator call,232.9504362,0,-1,3,1, Done, dt, 22.049563799999987
255.0,Elev,1,  arrived at src, -1, Elevator call,251.1044469,-1,-2,2,1
255.0, elevID,1,  pos,-1,  cmd, goto,-2
258.0,Elevator call,257.7974435,-1,0,1,1, got allocated to elevator, 1
, elevID,1,  pos,-1,  cmd, stop,-1
261.0,Elev,0,  arrived at src, 3, Elevator call,254.6977153,3,4,2,0
261.0, elevID,0,  pos,3,  cmd, goto,-1
263.0,Elev,1,  arrived at src, -1, Elevator call,257.7974435,-1,0,2,1
263.0, elevID,1,  pos,-1,  cmd, goto,-2
271.0,Elev,1,  arrived at dest, -2, this call is done!, Elevator call,251.1044469,-1,-2,3,1, Done, dt, 19.8955531
271.0, elevID,1,  pos,-2,  cmd, goto,0
273.0,Elev,0,  arrived at src, -1, Elevator call,231.5157882,-1,0,2,0
273.0, elevID,0,  pos,-1,  cmd, goto,0
279.0,Elev,1,  arrived at src, 0, Elevator call,251.2359335,0,9,2,1
279.0,Elev,1,  arrived at dest, 0, this call is done!, Elevator call,257.7974435,-1,0,3,1, Done, dt, 21.202556500000014
279.0, elevID,1,  pos,0,  cmd, goto,5
284.0,Elev,0,  arrived at dest, 0, this call is done!, Elevator call,231.5157882,-1,0,3,0, Done, dt, 52.4842118
284.0, elevID,0,  pos,0,  cmd, goto,4
287.0,Elev,1,  arrived at dest, 5, this call is done!, Elevator call,227.0798305,-1,5,3,1, Done, dt, 59.920169499999986
287.0, elevID,1,  pos,5,  cmd, goto,9
295.0,Elev,1,  arrived at dest, 9, this call is done!, Elevator call,251.2359335,0,9,3,1, Done, dt, 43.76406650000001
296.0,Elevator call,295.7943357,0,1,1,1, got allocated to elevator, 1
296.0,Elev,0,  arrived at dest, 4, this call is done!, Elevator call,254.6977153,3,4,3,0, Done, dt, 41.3022847
296.0, elevID,1,  pos,9,  cmd, goto,0
305.0,Elevator call,304.9984388,6,0,1,1, got allocated to elevator, 1
305.0,Elev,1,  arrived at src, 0, Elevator call,295.7943357,0,1,2,1
305.0, elevID,1,  pos,0,  cmd, goto,1
310.0,Elevator call,309.3005383,0,-1,1,1, got allocated to elevator, 1
313.0,Elevator call,312.3018556,0,-1,1,1, got allocated to elevator, 1
313.0,Elev,1,  arrived at dest, 1, this call is done!, Elevator call,295.7943357,0,1,3,1, Done, dt, 17.205664300000024
313.0, elevID,1,  pos,1,  cmd, goto,6
317.0,Elevator call,316.0323783,0,-1,1,1, got allocated to elevator, 1
320.0,Elevator call,319.905202,6,5,1,1, got allocated to elevator, 1
321.0,Elevator call,320.9760749,-1,0,1,0, got allocated to elevator, 0
321.0, elevID,0,  pos,4,  cmd, goto,-1
321.0,Elev,1,  arrived at src, 6, Elevator call,304.9984388,6,0,2,1
321.0,Elev,1,  arrived at src, 6, Elevator call,319.905202,6,5,2,1
321.0, elevID,1,  pos,6,  cmd, goto,5
322.0,Elevator call,321.370409,7,-1,1,1, got allocated to elevator, 1
329.0,Elev,1,  arrived at dest, 5, this call is done!, Elevator call,319.905202,6,5,3,1, Done, dt, 9.094798000000026
329.0, elevID,1,  pos,5,  cmd, goto,0
333.0,Elevator call,332.4267319,0,10,1,1, got allocated to elevator, 1
333.0,Elev,0,  arrived at src, -1, Elevator call,320.9760749,-1,0,2,0
333.0, elevID,0,  pos,-1,  cmd, goto,0
337.0,Elevator call,336.9304305,-1,0,1,0, got allocated to elevator, 0
337.0, elevID,0,  pos,-1,  cmd, stop,-1
337.0,Elev,1,  arrived at dest, 0, this call is done!, Elevator call,304.9984388,6,0,3,1, Done, dt, 32.001561200000026
337.0,Elev,1,  arrived at src, 0, Elevator call,309.3005383,0,-1,2,1
337.0,Elev,1,  arrived at src, 0, Elevator call,312.3018556,0,-1,2,1
337.0,Elev,1,  arrived at src, 0, Elevator call,316.0323783,0,-1,2,1
337.0,Elev,1,  arrived at src, 0, Elevator call,332.4267319,0,10,2,1
337.0, elevID,1,  pos,0,  cmd, goto,-1
343.0,Elev,0,  arrived at src, -1, Elevator call,336.9304305,-1,0,2,0
343.0, elevID,0,  pos,-1,  cmd, goto,0
345.0,Elev,1,  arrived at dest, -1, this call is done!, Elevator call,309.3005383,0,-1,3,1, Done, dt, 35.69946169999997
345.0,Elev,1,  arrived at dest, -1, this call is done!, Elevator call,312.3018556,0,-1,3,1, Done, dt, 32.69814439999999
345.0,Elev,1,  arrived at dest, -1, this call is done!, Elevator call,316.0323783,0,-1,3,1, Done, dt, 28.967621699999995
345.0, elevID,1,  pos,-1,  cmd, goto,7
354.0,Elev,0,  arrived at dest, 0, this call is done!, Elevator call,320.9760749,-1,0,3,0, Done, dt, 33.023925099999985
354.0,Elev,0,  arrived at dest, 0, this call is done!, Elevator call,336.9304305,-1,0,3,0, Done, dt, 17.0695695
354.0,Elev,1,  arrived at src, 7, Elevator call,321.370409,7,-1,2,1
354.0, elevID,1,  pos,7,  cmd, goto,10
362.0,Elev,1,  arrived at dest, 10, this call is done!, Elevator call,332.4267319,0,10,3,1, Done, dt, 29.573268100000007
362.0, elevID,1,  pos,10,  cmd, goto,-1
371.0,Elev,1,  arrived at dest, -1, this call is done!, Elevator call,321.370409,7,-1,3,1, Done, dt, 49.629591000000005
376.0,Elevator call,375.490481,1,0,1,1, got allocated to elevator, 1
376.0, elevID,1,  pos,-1,  cmd, goto,1
384.0,Elev,1,  arrived at src, 1, Elevator call,375.490481,1,0,2,1
384.0, elevID,1,  pos,1,  cmd, goto,0
392.0,Elev,1,  arrived at dest, 0, this call is done!, Elevator call,375.490481,1,0,3,1, Done, dt, 16.50951900000001
393.0,Elevator call,392.5160765,0,5,1,1, got allocated to elevator, 1
393.0,Elev,1,  arrived at src, 0, Elevator call,392.5160765,0,5,2,1
393.0, elevID,1,  pos,0,  cmd, goto,5
401.0,Elev,1,  arrived at dest, 5, this call is done!, Elevator call,392.5160765,0,5,3,1, Done, dt, 8.483923500000003
406.0,Elevator call,405.1821141,-1,10,1,1, got allocated to elevator, 1
406.0, elevID,1,  pos,5,  cmd, goto,-1
414.0,Elev,1,  arrived at src, -1, Elevator call,405.1821141,-1,10,2,1
414.0, elevID,1,  pos,-1,  cmd, goto,10
423.0,Elev,1,  arrived at dest, 10, this call is done!, Elevator call,405.1821141,-1,10,3,1, Done, dt, 17.81788590000002
427.0,Elevator call,426.8615805,2,0,1,1, got allocated to elevator, 1
427.0, elevID,1,  pos,10,  cmd, goto,2
436.0,Elev,1,  arrived at src, 2, Elevator call,426.8615805,2,0,2,1
436.0, elevID,1,  pos,2,  cmd, goto,0
438.0,Elevator call,437.1711158,1,0,1,0, got allocated to elevator, 0
438.0, elevID,0,  pos,0,  cmd, goto,1
444.0,Elev,1,  arrived at dest, 0, this call is done!, Elevator call,426.8615805,2,0,3,1, Done, dt, 17.138419499999998
449.0,Elev,0,  arrived at src, 1, Elevator call,437.1711158,1,0,2,0
449.0, elevID,0,  pos,1,  cmd, goto,0
460.0,Elev,0,  arrived at dest, 0, this call is done!, Elevator call,437.1711158,1,0,3,0, Done, dt, 22.828884200000005
473.0,Elevator call,472.7445474,10,-1,1,0, got allocated to elevator, 0
473.0, elevID,0,  pos,0,  cmd, goto,10
487.0,Elev,0,  arrived at src, 10, Elevator call,472.7445474,10,-1,2,0
487.0, elevID,0,  pos,10,  cmd, goto,-1
501.0,Elevator call,500.3712045,8,-1,1,0, got allocated to elevator, 0
501.0,Elev,0,  arrived at dest, -1, this call is done!, Elevator call,472.7445474,10,-1,3,0, Done, dt, 28.255452600000012
501.0, elevID,0,  pos,-1,  cmd, goto,8
504.0,Elevator call,503.1384784,1,-1,1,0, got allocated to elevator, 0
504.0, elevID,0,  pos,-1,  cmd, stop,1
505.0,Elevator call,504.4317942,0,-1,1,0, got allocated to elevator, 0
505.0, elevID,0,  pos,-1,  cmd, stop,0
512.0,Elev,0,  arrived at src, 0, Elevator call,504.4317942,0,-1,2,0
512.0, elevID,0,  pos,0,  cmd, goto,1
523.0,Elev,0,  arrived at src, 1, Elevator call,503.1384784,1,-1,2,0
523.0, elevID,0,  pos,1,  cmd, goto,8
530.0,Elevator call,529.6277472,3,-1,1,0, got allocated to elevator, 0
536.0,Elev,0,  arrived at src, 8, Elevator call,500.3712045,8,-1,2,0
536.0, elevID,0,  pos,8,  cmd, goto,3
538.0,Elevator call,537.7866884,-1,6,1,0, got allocated to elevator, 0
545.0,Elevator call,544.7880392,6,-1,1,0, got allocated to elevator, 0
548.0,Elev,0,  arrived at src, 3, Elevator call,529.6277472,3,-1,2,0
548.0, elevID,0,  pos,3,  cmd, goto,-1
555.0,Elevator call,554.0892923,4,0,1,0, got allocated to elevator, 0
558.0,Elevator call,557.244139,10,0,1,0, got allocated to elevator, 0
560.0,Elev,0,  arrived at dest, -1, this call is done!, Elevator call,500.3712045,8,-1,3,0, Done, dt, 59.628795500000024
560.0,Elev,0,  arrived at dest, -1, this call is done!, Elevator call,503.1384784,1,-1,3,0, Done, dt, 56.8615216
560.0,Elev,0,  arrived at dest, -1, this call is done!, Elevator call,504.4317942,0,-1,3,0, Done, dt, 55.56820579999999
560.0,Elev,0,  arrived at dest, -1, this call is done!, Elevator call,529.6277472,3,-1,3,0, Done, dt, 30.372252799999956
560.0,Elev,0,  arrived at src, -1, Elevator call,537.7866884,-1,6,2,0
560.0, elevID,0,  pos,-1,  cmd, goto,4
566.0,Elevator call,565.0195522,0,-1,1,0, got allocated to elevator, 0
572.0,Elev,0,  arrived at src, 4, Elevator call,554.0892923,4,0,2,0
572.0, elevID,0,  pos,4,  cmd, goto,6
582.0,Elevator call,581.870309,0,3,1,0, got allocated to elevator, 0
583.0,Elev,0,  arrived at dest, 6, this call is done!, Elevator call,537.7866884,-1,6,3,0, Done, dt, 45.2133116
583.0,Elev,0,  arrived at src, 6, Elevator call,544.7880392,6,-1,2,0
583.0, elevID,0,  pos,6,  cmd, goto,10
595.0,Elev,0,  arrived at src, 10, Elevator call,557.244139,10,0,2,0
595.0, elevID,0,  pos,10,  cmd, goto,0
597.0,Elevator call,596.1232023,8,0,1,0, got allocated to elevator, 0
, elevID,0,  pos,10,  cmd, stop,8
601.0,Elevator call,600.931288,1,0,1,0, got allocated to elevator, 0
604.0,Elevator call,603.9342327,7,0,1,0, got allocated to elevator, 0
606.0,Elev,0,  arrived at src, 8, Elevator call,596.1232023,8,0,2,0
606.0, elevID,0,  pos,8,  cmd, goto,7
617.0,Elev,0,  arrived at src, 7, Elevator call,603.9342327,7,0,2,0
617.0, elevID,0,  pos,7,  cmd, goto,1
618.0,Elevator call,617.9628339,0,3,1,0, got allocated to elevator, 0
620.0,Elevator call,619.6454197,9,0,1,0, got allocated to elevator, 0
627.0,Elevator call,626.2116172,0,1,1,0, got allocated to elevator, 0
629.0,Elev,0,  arrived at src, 1, Elevator call,600.931288,1,0,2,0
629.0, elevID,0,  pos,1,  cmd, goto,0
640.0,Elev,0,  arrived at dest, 0, this call is done!, Elevator call,554.0892923,4,0,3,0, Done, dt, 85.91070769999999
640.0,Elev,0,  arrived at dest, 0, this call is done!, Elevator call,557.244139,10,0,3,0, Done, dt, 82.75586099999998
640.0,Elev,0,  arrived at src, 0, Elevator call,565.0195522,0,-1,2,0
640.0,Elev,0,  arrived at src, 0, Elevator call,581.870309,0,3,2,0
640.0,Elev,0,  arrived at dest, 0, this call is done!, Elevator call,596.1232023,8,0,3,0, Done, dt, 43.8767977
640.0,Elev,0,  arrived at dest, 0, this call is done!, Elevator call,600.931288,1,0,3,0, Done, dt, 39.068712000000005
640.0,Elev,0,  arrived at dest, 0, this call is done!, Elevator call,603.9342327,7,0,3,0, Done, dt, 36.06576729999995
640.0,Elev,0,  arrived at src, 0, Elevator call,617.9628339,0,3,2,0
640.0,Elev,0,  arrived at src, 0, Elevator call,626.2116172,0,1,2,0
640.0, elevID,0,  pos,0,  cmd, goto,-1
644.0,Elevator call,643.8547515,-1,2,1,0, got allocated to elevator, 0
651.0,Elev,0,  arrived at dest, -1, this call is done!, Elevator call,544.7880392,6,-1,3,0, Done, dt, 106.21196080000004
651.0,Elev,0,  arrived at dest, -1, this call is done!, Elevator call,565.0195522,0,-1,3,0, Done, dt, 85.98044779999998
651.0,Elev,0,  arrived at src, -1, Elevator call,643.8547515,-1,2,2,0
651.0, elevID,0,  pos,-1,  cmd, goto,1
661.0,Elevator call,660.0732908,6,10,1,0, got allocated to elevator, 0
662.0,Elevator call,661.042082,-1,3,1,0, got allocated to elevator, 0
662.0,Elev,0,  arrived at dest, 1, this call is done!, Elevator call,626.2116172,0,1,3,0, Done, dt, 35.78838280000002
662.0, elevID,0,  pos,1,  cmd, goto,2
663.0,Elevator call,662.1730528,-1,5,1,0, got allocated to elevator, 0
666.0,Elevator call,665.1155549,-1,8,1,0, got allocated to elevator, 0
667.0,Elevator call,666.0340295,4,0,1,0, got allocated to elevator, 0
667.0,Elevator call,666.2411587,5,-1,1,0, got allocated to elevator, 0
673.0,Elevator call,672.6773142,0,-1,1,0, got allocated to elevator, 0
673.0,Elev,0,  arrived at dest, 2, this call is done!, Elevator call,643.8547515,-1,2,3,0, Done, dt, 29.14524849999998
673.0, elevID,0,  pos,2,  cmd, goto,3
678.0,Elevator call,677.7341948,0,-1,1,0, got allocated to elevator, 0
679.0,Elevator call,678.9953585,-1,-2,1,0, got allocated to elevator, 0
684.0,Elev,0,  arrived at dest, 3, this call is done!, Elevator call,581.870309,0,3,3,0, Done, dt, 102.12969099999998
684.0,Elev,0,  arrived at dest, 3, this call is done!, Elevator call,617.9628339,0,3,3,0, Done, dt, 66.03716610000004
684.0, elevID,0,  pos,3,  cmd, goto,4
695.0,Elev,0,  arrived at src, 4, Elevator call,666.0340295,4,0,2,0
695.0, elevID,0,  pos,4,  cmd, goto,5
696.0,Elevator call,695.2239882,0,10,1,0, got allocated to elevator, 0
706.0,Elev,0,  arrived at src, 5, Elevator call,666.2411587,5,-1,2,0
706.0, elevID,0,  pos,5,  cmd, goto,6
707.0,Elevator call,706.1583475,-1,-2,1,0, got allocated to elevator, 0
711.0,Elevator call,710.324977,0,1,1,0, got allocated to elevator, 0
714.0,Elevator call,713.0191971,1,0,1,0, got allocated to elevator, 0
714.0,Elevator call,713.2499766,10,-1,1,0, got allocated to elevator, 0
717.0,Elev,0,  arrived at src, 6, Elevator call,660.0732908,6,10,2,0
717.0, elevID,0,  pos,6,  cmd, goto,9
723.0,Elevator call,722.6161213,10,0,1,1, got allocated to elevator, 1
723.0, elevID,1,  pos,0,  cmd, goto,10
728.0,Elevator call,727.5146029,-1,0,1,0, got allocated to elevator, 0
728.0,Elev,0,  arrived at src, 9, Elevator call,619.6454197,9,0,2,0
728.0, elevID,0,  pos,9,  cmd, goto,10
732.0,Elev,1,  arrived at src, 10, Elevator call,722.6161213,10,0,2,1
732.0, elevID,1,  pos,10,  cmd, goto,0
733.0,Elevator call,732.9746341,6,-1,1,1, got allocated to elevator, 1
, elevID,1,  pos,10,  cmd, stop,6
738.0,Elevator call,737.3147202,1,0,1,1, got allocated to elevator, 1
739.0,Elev,0,  arrived at dest, 10, this call is done!, Elevator call,660.0732908,6,10,3,0, Done, dt, 78.9267092
739.0,Elev,0,  arrived at src, 10, Elevator call,713.2499766,10,-1,2,0
739.0, elevID,0,  pos,10,  cmd, goto,1
740.0,Elev,1,  arrived at src, 6, Elevator call,732.9746341,6,-1,2,1
740.0, elevID,1,  pos,6,  cmd, goto,1
748.0,Elev,1,  arrived at src, 1, Elevator call,737.3147202,1,0,2,1
748.0, elevID,1,  pos,1,  cmd, goto,0
752.0,Elev,0,  arrived at src, 1, Elevator call,713.0191971,1,0,2,0
752.0, elevID,0,  pos,1,  cmd, goto,0
756.0,Elev,1,  arrived at dest, 0, this call is done!, Elevator call,722.6161213,10,0,3,1, Done, dt, 33.38387869999997
756.0,Elev,1,  arrived at dest, 0, this call is done!, Elevator call,737.3147202,1,0,3,1, Done, dt, 18.68527979999999
756.0, elevID,1,  pos,0,  cmd, goto,-1
763.0,Elev,0,  arrived at dest, 0, this call is done!, Elevator call,619.6454197,9,0,3,0, Done, dt, 143.35458029999995
763.0,Elev,0,  arrived at dest, 0, this call is done!, Elevator call,666.0340295,4,0,3,0, Done, dt, 96.96597050000003
763.0,Elev,0,  arrived at src, 0, Elevator call,672.6773142,0,-1,2,0
763.0,Elev,0,  arrived at src, 0, Elevator call,677.7341948,0,-1,2,0
763.0,Elev,0,  arrived at src, 0, Elevator call,695.2239882,0,10,2,0
763.0,Elev,0,  arrived at src, 0, Elevator call,710.324977,0,1,2,0
763.0,Elev,0,  arrived at dest, 0, this call is done!, Elevator call,713.0191971,1,0,3,0, Done, dt, 49.98080289999996
763.0, elevID,0,  pos,0,  cmd, goto,-1
764.0,Elev,1,  arrived at dest, -1, this call is done!, Elevator call,732.9746341,6,-1,3,1, Done, dt, 31.025365899999997
774.0,Elev,0,  arrived at src, -1, Elevator call,661.042082,-1,3,2,0
774.0,Elev,0,  arrived at src, -1, Elevator call,662.1730528,-1,5,2,0
774.0,Elev,0,  arrived at src, -1, Elevator call,665.1155549,-1,8,2,0
774.0,Elev,0,  arrived at dest, -1, this call is done!, Elevator call,666.2411587,5,-1,3,0, Done, dt, 107.75884129999997
774.0,Elev,0,  arrived at dest, -1, this call is done!, Elevator call,672.6773142,0,-1,3,0, Done, dt, 101.32268580000004
774.0,Elev,0,  arrived at dest, -1, this call is done!, Elevator call,677.7341948,0,-1,3,0, Done, dt, 96.26580520000005
774.0,Elev,0,  arrived at src, -1, Elevator call,678.9953585,-1,-2,2,0
774.0,Elev,0,  arrived at src, -1, Elevator call,706.1583475,-1,-2,2,0
774.0,Elev,0,  arrived at dest, -1, this call is done!, Elevator call,713.2499766,10,-1,3,0, Done, dt, 60.75002340000003
774.0,Elev,0,  arrived at src, -1, Elevator call,727.5146029,-1,0,2,0
774.0, elevID,0,  pos,-1,  cmd, goto,-2
780.0,Elevator call,779.3996914,-1,5,1,0, got allocated to elevator, 0
785.0,Elev,0,  arrived at dest, -2, this call is done!, Elevator call,678.9953585,-1,-2,3,0, Done, dt, 106.00464150000005
785.0,Elev,0,  arrived at dest, -2, this call is done!, Elevator call,706.1583475,-1,-2,3,0, Done, dt, 78.84165250000001
785.0, elevID,0,  pos,-2,  cmd, goto,-1
796.0,Elev,0,  arrived at src, -1, Elevator call,779.3996914,-1,5,2,0
796.0, elevID,0,  pos,-1,  cmd, goto,0
806.0,Elevator call,805.6754743,-1,-2,1,0, got allocated to elevator, 0
807.0,Elev,0,  arrived at dest, 0, this call is done!, Elevator call,727.5146029,-1,0,3,0, Done, dt, 79.4853971
807.0, elevID,0,  pos,0,  cmd, goto,1
811.0,Elevator call,810.4469089,2,0,1,1, got allocated to elevator, 1
811.0, elevID,1,  pos,-1,  cmd, goto,2
817.0,Elevator call,816.1516998,7,-1,1,1, got allocated to elevator, 1
818.0,Elev,0,  arrived at dest, 1, this call is done!, Elevator call,710.324977,0,1,3,0, Done, dt, 107.67502300000001
818.0, elevID,0,  pos,1,  cmd, goto,3
819.0,Elev,1,  arrived at src, 2, Elevator call,810.4469089,2,0,2,1
819.0, elevID,1,  pos,2,  cmd, goto,7
826.0,Elevator call,825.4575185,7,0,1,1, got allocated to elevator, 1
827.0,Elev,1,  arrived at src, 7, Elevator call,816.1516998,7,-1,2,1
827.0,Elev,1,  arrived at src, 7, Elevator call,825.4575185,7,0,2,1
827.0, elevID,1,  pos,7,  cmd, goto,0
829.0,Elev,0,  arrived at dest, 3, this call is done!, Elevator call,661.042082,-1,3,3,0, Done, dt, 167.95791799999995
829.0, elevID,0,  pos,3,  cmd, goto,5
836.0,Elev,1,  arrived at dest, 0, this call is done!, Elevator call,810.4469089,2,0,3,1, Done, dt, 25.55309109999996
836.0,Elev,1,  arrived at dest, 0, this call is done!, Elevator call,825.4575185,7,0,3,1, Done, dt, 10.542481500000008
836.0, elevID,1,  pos,0,  cmd, goto,-1
840.0,Elevator call,839.8525653,0,1,1,1, got allocated to elevator, 1
840.0,Elev,0,  arrived at dest, 5, this call is done!, Elevator call,662.1730528,-1,5,3,0, Done, dt, 177.82694719999995
840.0,Elev,0,  arrived at dest, 5, this call is done!, Elevator call,779.3996914,-1,5,3,0, Done, dt, 60.60030859999995
840.0, elevID,0,  pos,5,  cmd, goto,8
844.0,Elev,1,  arrived at dest, -1, this call is done!, Elevator call,816.1516998,7,-1,3,1, Done, dt, 27.84830020000004
844.0, elevID,1,  pos,-1,  cmd, goto,0
851.0,Elev,0,  arrived at dest, 8, this call is done!, Elevator call,665.1155549,-1,8,3,0, Done, dt, 185.8844451
851.0, elevID,0,  pos,8,  cmd, goto,10
852.0,Elev,1,  arrived at src, 0, Elevator call,839.8525653,0,1,2,1
852.0, elevID,1,  pos,0,  cmd, goto,1
855.0,Elevator call,854.2002278,6,-1,1,1, got allocated to elevator, 1
860.0,Elev,1,  arrived at dest, 1, this call is done!, Elevator call,839.8525653,0,1,3,1, Done, dt, 20.147434699999963
860.0, elevID,1,  pos,1,  cmd, goto,6
862.0,Elev,0,  arrived at dest, 10, this call is done!, Elevator call,695.2239882,0,10,3,0, Done, dt, 166.7760118
862.0, elevID,0,  pos,10,  cmd, goto,-1
864.0,Elevator call,863.8932913,0,-1,1,1, got allocated to elevator, 1
868.0,Elev,1,  arrived at src, 6, Elevator call,854.2002278,6,-1,2,1
868.0, elevID,1,  pos,6,  cmd, goto,0
871.0,Elevator call,870.5053024,0,7,1,0, got allocated to elevator, 0
876.0,Elev,0,  arrived at src, -1, Elevator call,805.6754743,-1,-2,2,0
876.0, elevID,0,  pos,-1,  cmd, goto,-2
876.0,Elev,1,  arrived at src, 0, Elevator call,863.8932913,0,-1,2,1
876.0, elevID,1,  pos,0,  cmd, goto,-1
884.0,Elev,1,  arrived at dest, -1, this call is done!, Elevator call,854.2002278,6,-1,3,1, Done, dt, 29.799772200000007
884.0,Elev,1,  arrived at dest, -1, this call is done!, Elevator call,863.8932913,0,-1,3,1, Done, dt, 20.106708700000013
887.0,Elevator call,886.5649993,-1,-2,1,0, got allocated to elevator, 0
887.0,Elev,0,  arrived at dest, -2, this call is done!, Elevator call,805.6754743,-1,-2,3,0, Done, dt, 81.32452569999998
887.0, elevID,0,  pos,-2,  cmd, goto,-1
893.0,Elevator call,892.5212151,9,-1,1,1, got allocated to elevator, 1
893.0, elevID,1,  pos,-1,  cmd, goto,9
898.0,Elev,0,  arrived at src, -1, Elevator call,886.5649993,-1,-2,2,0
898.0, elevID,0,  pos,-1,  cmd, goto,0
902.0,Elev,1,  arrived at src, 9, Elevator call,892.5212151,9,-1,2,1
902.0, elevID,1,  pos,9,  cmd, goto,-1
909.0,Elev,0,  arrived at src, 0, Elevator call,870.5053024,0,7,2,0
909.0, elevID,0,  pos,0,  cmd, goto,7
911.0,Elevator call,910.5388559,6,5,1,1, got allocated to elevator, 1
911.0,Elev,1,  arrived at dest, -1, this call is done!, Elevator call,892.5212151,9,-1,3,1, Done, dt, 18.47878490000005
911.0, elevID,1,  pos,-1,  cmd, goto,6
916.0,Elevator call,915.9490575,4,-1,1,1, got allocated to elevator, 1
920.0,Elev,1,  arrived at src, 6, Elevator call,910.5388559,6,5,2,1
920.0, elevID,1,  pos,6,  cmd, goto,5
922.0,Elev,0,  arrived at dest, 7, this call is done!, Elevator call,870.5053024,0,7,3,0, Done, dt, 51.494697599999995
922.0, elevID,0,  pos,7,  cmd, goto,-2
928.0,Elev,1,  arrived at dest, 5, this call is done!, Elevator call,910.5388559,6,5,3,1, Done, dt, 17.461144099999956
928.0, elevID,1,  pos,5,  cmd, goto,4
934.0,Elevator call,933.8580452,7,5,1,1, got allocated to elevator, 1
935.0,Elev,0,  arrived at dest, -2, this call is done!, Elevator call,886.5649993,-1,-2,3,0, Done, dt, 48.435000700000046
936.0,Elev,1,  arrived at src, 4, Elevator call,915.9490575,4,-1,2,1
936.0, elevID,1,  pos,4,  cmd, goto,-1
944.0,Elev,1,  arrived at dest, -1, this call is done!, Elevator call,915.9490575,4,-1,3,1, Done, dt, 28.05094250000002
944.0, elevID,1,  pos,-1,  cmd, goto,7
953.0,Elev,1,  arrived at src, 7, Elevator call,933.8580452,7,5,2,1
953.0, elevID,1,  pos,7,  cmd, goto,5
961.0,Elev,1,  arrived at dest, 5, this call is done!, Elevator call,933.8580452,7,5,3,1, Done, dt, 27.141954800000008
962.0,Elevator call,961.6862856,6,-1,1,1, got allocated to elevator, 1
962.0, elevID,1,  pos,5,  cmd, goto,6
970.0,Elev,1,  arrived at src, 6, Elevator call,961.6862856,6,-1,2,1
970.0, elevID,1,  pos,6,  cmd, goto,-1
973.0,Elevator call,972.8032126,1,0,1,1, got allocated to elevator, 1
, elevID,1,  pos,6,  cmd, stop,1
976.0,Elevator call,975.8361203,0,-1,1,1, got allocated to elevator, 1
978.0,Elev,1,  arrived at src, 1, Elevator call,972.8032126,1,0,2,1
978.0, elevID,1,  pos,1,  cmd, goto,0
979.0,Elevator call,978.5925149,10,0,1,1, got allocated to elevator, 1
979.0,Elevator call,978.6210501,10,-1,1,1, got allocated to elevator, 1
985.0,Elevator call,984.1840186,7,0,1,1, got allocated to elevator, 1
986.0,Elev,1,  arrived at dest, 0, this call is done!, Elevator call,972.8032126,1,0,3,1, Done, dt, 13.196787399999948
986.0,Elev,1,  arrived at src, 0, Elevator call,975.8361203,0,-1,2,1
986.0, elevID,1,  pos,0,  cmd, goto,-1
994.0,Elev,1,  arrived at dest, -1, this call is done!, Elevator call,961.6862856,6,-1,3,1, Done, dt, 32.31371439999998
994.0,Elev,1,  arrived at dest, -1, this call is done!, Elevator call,975.8361203,0,-1,3,1, Done, dt, 18.163879700000052
994.0, elevID,1,  pos,-1,  cmd, goto,7
1003.0,Elev,1,  arrived at src, 7, Elevator call,984.1840186,7,0,2,1
1003.0, elevID,1,  pos,7,  cmd, goto,10
1011.0,Elev,1,  arrived at src, 10, Elevator call,978.5925149,10,0,2,1
1011.0,Elev,1,  arrived at src, 10, Elevator call,978.6210501,10,-1,2,1
1011.0, elevID,1,  pos,10,  cmd, goto,0
1020.0,Elev,1,  arrived at dest, 0, this call is done!, Elevator call,978.5925149,10,0,3,1, Done, dt, 41.40748510000003
1020.0,Elev,1,  arrived at dest, 0, this call is done!, Elevator call,984.1840186,7,0,3,1, Done, dt, 35.815981400000055
1020.0, elevID,1,  pos,0,  cmd, goto,-1
1028.0,Elev,1,  arrived at dest, -1, this call is done!, Elevator call,978.6210501,10,-1,3,1, Done, dt, 49.37894989999995
1029.0,************* Simulation Ended ************
Code Owners,209632009,212343461,  Building_file,Ex1_input/Ex1_Buildings/B3.json,  Calls,output/csv/Result_B3_a.csv
Total waiting time: 4899.0,  average waiting time per call: 48.99,  unCompleted calls,0,  certificate, -246556171
